[11:06:48] Command: --outdir /mnt/data/bioinformatics/Projects/MINion/Aureus_2998-174/Github//Annotation/PlasmidB/ --force --locustag PlasmidB --genus Staphylococcus --species aureus --plasmid USA300B --kingdom Bacteria --addgenes --cpus 6 /mnt/data/bioinformatics/Projects/MINion/Aureus_2998-174/Github//Annotation/PlasmidB.fasta
[11:06:48] Looking for 'aragorn' - found /opt/prokka/prokka-1.11/binaries/linux/aragorn
[11:06:48] Determined aragorn version is 1.2
[11:06:48] Looking for 'barrnap' - found /opt/Barrnap/barrnap/bin/barrnap
[11:06:48] Determined barrnap version is 0.7
[11:06:48] Looking for 'blastp' - found /usr/bin/blastp
[11:06:49] Determined blastp version is 2.2
[11:06:49] Looking for 'cmpress' - found /usr/bin/cmpress
[11:06:49] Determined cmpress version is 1.1
[11:06:49] Looking for 'cmscan' - found /usr/bin/cmscan
[11:06:49] Determined cmscan version is 1.1
[11:06:49] Looking for 'egrep' - found /bin/egrep
[11:06:49] Looking for 'find' - found /usr/bin/find
[11:06:49] Looking for 'grep' - found /bin/grep
[11:06:49] Looking for 'hmmpress' - found /usr/bin/hmmpress
[11:06:49] Determined hmmpress version is 3.1
[11:06:49] Looking for 'hmmscan' - found /usr/bin/hmmscan
[11:06:49] Determined hmmscan version is 3.1
[11:06:49] Looking for 'less' - found /usr/bin/less
[11:06:49] Looking for 'makeblastdb' - found /usr/bin/makeblastdb
[11:06:49] Determined makeblastdb version is 2.2
[11:06:49] Looking for 'minced' - found /opt/prokka/prokka-1.11/bin/../binaries/linux/../common/minced
[11:06:49] Determined minced version is 1.6
[11:06:49] Looking for 'parallel' - found /usr/bin/parallel
[11:06:49] Determined parallel version is 20150422
[11:06:49] Looking for 'prodigal' - found /home/sb2145/.linuxbrew/bin/prodigal
[11:06:49] Determined prodigal version is 2.6
[11:06:49] Looking for 'prokka-genbank_to_fasta_db' - found /opt/prokka/prokka-1.11/bin/prokka-genbank_to_fasta_db
[11:06:49] Looking for 'sed' - found /bin/sed
[11:06:49] Looking for 'tbl2asn' - found /usr/bin/tbl2asn
[11:06:49] Determined tbl2asn version is 24.9
[11:06:49] Using genetic code table 11.
[11:06:49] Loading and checking input file: /mnt/data/bioinformatics/Projects/MINion/Aureus_2998-174/Github//Annotation/PlasmidB.fasta
[11:06:49] Wrote 1 contigs
[11:06:49] Predicting tRNAs and tmRNAs
[11:06:49] Running: aragorn -gc11  -w \/mnt\/data\/bioinformatics\/Projects\/MINion\/Aureus_2998\-174\/Github\/\/Annotation\/PlasmidB\/\/PlasmidB_04082016\.fna
[11:06:49] Found 0 tRNAs
[11:06:49] Predicting Ribosomal RNAs
[11:06:49] Running Barrnap with 6 threads
[11:06:49] Found 0 rRNAs
[11:06:49] Skipping ncRNA search, enable with --rfam if desired.
[11:06:49] Total of 0 tRNA + rRNA features
[11:06:49] Searching for CRISPR repeats
[11:06:49] Found 0 CRISPRs
[11:06:49] Predicting coding sequences
[11:06:49] Contigs total 3124 bp, so using meta mode
[11:06:49] Running: prodigal -i \/mnt\/data\/bioinformatics\/Projects\/MINion\/Aureus_2998\-174\/Github\/\/Annotation\/PlasmidB\/\/PlasmidB_04082016\.fna -c -m -g 11 -p meta -f sco -q
[11:06:49] Found 4 CDS
[11:06:49] Connecting features back to sequences
[11:06:49] Not using genus-specific database. Try --usegenus to enable it.
[11:06:49] Annotating CDS, please be patient.
[11:06:49] Will use 6 CPUs for similarity searching.
[11:06:49] There are still 4 unannotated CDS left (started with 4)
[11:06:49] Will use blast to search against /opt/prokka/prokka-1.11/bin/../db/kingdom/Bacteria/sprot with 6 CPUs
[11:06:49] Running: cat \/mnt\/data\/bioinformatics\/Projects\/MINion\/Aureus_2998\-174\/Github\/\/Annotation\/PlasmidB\/\/sprot\.faa | parallel --gnu --plain -j 6 --block 55 --recstart '>' --pipe blastp -query - -db /opt/prokka/prokka-1.11/bin/../db/kingdom/Bacteria/sprot -evalue 1e-06 -num_threads 1 -num_descriptions 1 -num_alignments 1 -seg no > \/mnt\/data\/bioinformatics\/Projects\/MINion\/Aureus_2998\-174\/Github\/\/Annotation\/PlasmidB\/\/sprot\.blast 2> /dev/null
[11:06:50] Deleting unwanted file: /mnt/data/bioinformatics/Projects/MINion/Aureus_2998-174/Github//Annotation/PlasmidB//sprot.faa
[11:06:50] Deleting unwanted file: /mnt/data/bioinformatics/Projects/MINion/Aureus_2998-174/Github//Annotation/PlasmidB//sprot.blast
[11:06:50] There are still 4 unannotated CDS left (started with 4)
[11:06:50] Will use hmmer3 to search against /opt/prokka/prokka-1.11/bin/../db/hmm/CLUSTERS.hmm with 6 CPUs
[11:06:50] Running: cat \/mnt\/data\/bioinformatics\/Projects\/MINion\/Aureus_2998\-174\/Github\/\/Annotation\/PlasmidB\/\/CLUSTERS\.hmm\.faa | parallel --gnu --plain -j 6 --block 55 --recstart '>' --pipe hmmscan --noali --notextw --acc -E 1e-06 --cpu 1 /opt/prokka/prokka-1.11/bin/../db/hmm/CLUSTERS.hmm /dev/stdin > \/mnt\/data\/bioinformatics\/Projects\/MINion\/Aureus_2998\-174\/Github\/\/Annotation\/PlasmidB\/\/CLUSTERS\.hmm\.hmmer3 2> /dev/null
[11:06:51] Deleting unwanted file: /mnt/data/bioinformatics/Projects/MINion/Aureus_2998-174/Github//Annotation/PlasmidB//CLUSTERS.hmm.faa
[11:06:51] Deleting unwanted file: /mnt/data/bioinformatics/Projects/MINion/Aureus_2998-174/Github//Annotation/PlasmidB//CLUSTERS.hmm.hmmer3
[11:06:51] There are still 4 unannotated CDS left (started with 4)
[11:06:51] Will use hmmer3 to search against /opt/prokka/prokka-1.11/bin/../db/hmm/HAMAP.hmm with 6 CPUs
[11:06:51] Running: cat \/mnt\/data\/bioinformatics\/Projects\/MINion\/Aureus_2998\-174\/Github\/\/Annotation\/PlasmidB\/\/HAMAP\.hmm\.faa | parallel --gnu --plain -j 6 --block 55 --recstart '>' --pipe hmmscan --noali --notextw --acc -E 1e-06 --cpu 1 /opt/prokka/prokka-1.11/bin/../db/hmm/HAMAP.hmm /dev/stdin > \/mnt\/data\/bioinformatics\/Projects\/MINion\/Aureus_2998\-174\/Github\/\/Annotation\/PlasmidB\/\/HAMAP\.hmm\.hmmer3 2> /dev/null
[11:06:51] Deleting unwanted file: /mnt/data/bioinformatics/Projects/MINion/Aureus_2998-174/Github//Annotation/PlasmidB//HAMAP.hmm.faa
[11:06:51] Deleting unwanted file: /mnt/data/bioinformatics/Projects/MINion/Aureus_2998-174/Github//Annotation/PlasmidB//HAMAP.hmm.hmmer3
[11:06:51] There are still 4 unannotated CDS left (started with 4)
[11:06:51] Will use hmmer3 to search against /opt/prokka/prokka-1.11/bin/../db/hmm/Pfam.hmm with 6 CPUs
[11:06:51] Running: cat \/mnt\/data\/bioinformatics\/Projects\/MINion\/Aureus_2998\-174\/Github\/\/Annotation\/PlasmidB\/\/Pfam\.hmm\.faa | parallel --gnu --plain -j 6 --block 55 --recstart '>' --pipe hmmscan --noali --notextw --acc -E 1e-06 --cpu 1 /opt/prokka/prokka-1.11/bin/../db/hmm/Pfam.hmm /dev/stdin > \/mnt\/data\/bioinformatics\/Projects\/MINion\/Aureus_2998\-174\/Github\/\/Annotation\/PlasmidB\/\/Pfam\.hmm\.hmmer3 2> /dev/null
[11:06:51] Deleting unwanted file: /mnt/data/bioinformatics/Projects/MINion/Aureus_2998-174/Github//Annotation/PlasmidB//Pfam.hmm.faa
[11:06:51] Deleting unwanted file: /mnt/data/bioinformatics/Projects/MINion/Aureus_2998-174/Github//Annotation/PlasmidB//Pfam.hmm.hmmer3
[11:06:51] Labelling remaining 3 proteins as 'hypothetical protein'
[11:06:51] Found 0 unique /gene codes.
[11:06:51] Fixed 0 colliding /gene names.
[11:06:51] Adding /locus_tag identifiers
[11:06:51] Assigned 4 locus_tags to CDS and RNA features.
[11:06:51] Writing outputs to /mnt/data/bioinformatics/Projects/MINion/Aureus_2998-174/Github//Annotation/PlasmidB//
[11:06:51] Generating annotation statistics file
[11:06:51] Generating Genbank and Sequin files
[11:06:51] Running: tbl2asn -V b -a r10k -l paired-ends -M n -N 1 -y 'Annotated using prokka 1.11 from http://www.vicbioinformatics.com' -Z \/mnt\/data\/bioinformatics\/Projects\/MINion\/Aureus_2998\-174\/Github\/\/Annotation\/PlasmidB\/\/PlasmidB_04082016\.err -i \/mnt\/data\/bioinformatics\/Projects\/MINion\/Aureus_2998\-174\/Github\/\/Annotation\/PlasmidB\/\/PlasmidB_04082016\.fsa 2> /dev/null
[11:06:52] Deleting unwanted file: /mnt/data/bioinformatics/Projects/MINion/Aureus_2998-174/Github//Annotation/PlasmidB//errorsummary.val
[11:06:52] Deleting unwanted file: /mnt/data/bioinformatics/Projects/MINion/Aureus_2998-174/Github//Annotation/PlasmidB//PlasmidB_04082016.dr
[11:06:52] Deleting unwanted file: /mnt/data/bioinformatics/Projects/MINion/Aureus_2998-174/Github//Annotation/PlasmidB//PlasmidB_04082016.fixedproducts
[11:06:52] Deleting unwanted file: /mnt/data/bioinformatics/Projects/MINion/Aureus_2998-174/Github//Annotation/PlasmidB//PlasmidB_04082016.ecn
[11:06:52] Deleting unwanted file: /mnt/data/bioinformatics/Projects/MINion/Aureus_2998-174/Github//Annotation/PlasmidB//PlasmidB_04082016.val
[11:06:52] Repairing broken .GBK output that tbl2asn produces...
[11:06:52] Running: sed 's/COORDINATES: profile/COORDINATES:profile/' < \/mnt\/data\/bioinformatics\/Projects\/MINion\/Aureus_2998\-174\/Github\/\/Annotation\/PlasmidB\/\/PlasmidB_04082016\.gbf > \/mnt\/data\/bioinformatics\/Projects\/MINion\/Aureus_2998\-174\/Github\/\/Annotation\/PlasmidB\/\/PlasmidB_04082016\.gbk
[11:06:52] Deleting unwanted file: /mnt/data/bioinformatics/Projects/MINion/Aureus_2998-174/Github//Annotation/PlasmidB//PlasmidB_04082016.gbf
[11:06:52] Output files:
[11:06:52] /mnt/data/bioinformatics/Projects/MINion/Aureus_2998-174/Github//Annotation/PlasmidB/PlasmidB_04082016.gbk
[11:06:52] /mnt/data/bioinformatics/Projects/MINion/Aureus_2998-174/Github//Annotation/PlasmidB/PlasmidB_04082016.log
[11:06:52] /mnt/data/bioinformatics/Projects/MINion/Aureus_2998-174/Github//Annotation/PlasmidB/PlasmidB_04082016.fna
[11:06:52] /mnt/data/bioinformatics/Projects/MINion/Aureus_2998-174/Github//Annotation/PlasmidB/PlasmidB_04082016.tbl
[11:06:52] /mnt/data/bioinformatics/Projects/MINion/Aureus_2998-174/Github//Annotation/PlasmidB/PlasmidB_04082016.faa
[11:06:52] /mnt/data/bioinformatics/Projects/MINion/Aureus_2998-174/Github//Annotation/PlasmidB/PlasmidB_04082016.err
[11:06:52] /mnt/data/bioinformatics/Projects/MINion/Aureus_2998-174/Github//Annotation/PlasmidB/PlasmidB_04082016.fsa
[11:06:52] /mnt/data/bioinformatics/Projects/MINion/Aureus_2998-174/Github//Annotation/PlasmidB/PlasmidB_04082016.ffn
[11:06:52] /mnt/data/bioinformatics/Projects/MINion/Aureus_2998-174/Github//Annotation/PlasmidB/PlasmidB_04082016.txt
[11:06:52] /mnt/data/bioinformatics/Projects/MINion/Aureus_2998-174/Github//Annotation/PlasmidB/PlasmidB_04082016.sqn
[11:06:52] /mnt/data/bioinformatics/Projects/MINion/Aureus_2998-174/Github//Annotation/PlasmidB/PlasmidB_04082016.gff
[11:06:52] Walltime used: 0.07 minutes
[11:06:52] If you use this result please cite the Prokka paper:
[11:06:52] Seemann T (2014) Prokka: rapid prokaryotic genome annotation. Bioinformatics. 30(14):2068-9.
[11:06:52] Type 'prokka --citation' for more details.
[11:06:52] Thank you, come again.
