[11:29:29] Command: --outdir /mnt/data/bioinformatics/Projects/MINion/Aureus_2998-174/Github//Annotation/Genome/ --force --locustag Genome --genus Staphylococcus --species aureus --kingdom Bacteria --addgenes --cpus 6 --addgenes --usegenus /mnt/data/bioinformatics/Projects/MINion/Aureus_2998-174/Github//Annotation/Chromosome.fasta
[11:29:29] Looking for 'aragorn' - found /opt/prokka/prokka-1.11/binaries/linux/aragorn
[11:29:29] Determined aragorn version is 1.2
[11:29:29] Looking for 'barrnap' - found /opt/Barrnap/barrnap/bin/barrnap
[11:29:29] Determined barrnap version is 0.7
[11:29:29] Looking for 'blastp' - found /usr/bin/blastp
[11:29:29] Determined blastp version is 2.2
[11:29:29] Looking for 'cmpress' - found /usr/bin/cmpress
[11:29:29] Determined cmpress version is 1.1
[11:29:29] Looking for 'cmscan' - found /usr/bin/cmscan
[11:29:29] Determined cmscan version is 1.1
[11:29:29] Looking for 'egrep' - found /bin/egrep
[11:29:29] Looking for 'find' - found /usr/bin/find
[11:29:29] Looking for 'grep' - found /bin/grep
[11:29:29] Looking for 'hmmpress' - found /usr/bin/hmmpress
[11:29:29] Determined hmmpress version is 3.1
[11:29:29] Looking for 'hmmscan' - found /usr/bin/hmmscan
[11:29:29] Determined hmmscan version is 3.1
[11:29:29] Looking for 'less' - found /usr/bin/less
[11:29:29] Looking for 'makeblastdb' - found /usr/bin/makeblastdb
[11:29:29] Determined makeblastdb version is 2.2
[11:29:29] Looking for 'minced' - found /opt/prokka/prokka-1.11/bin/../binaries/linux/../common/minced
[11:29:30] Determined minced version is 1.6
[11:29:30] Looking for 'parallel' - found /usr/bin/parallel
[11:29:30] Determined parallel version is 20150422
[11:29:30] Looking for 'prodigal' - found /home/sb2145/.linuxbrew/bin/prodigal
[11:29:30] Determined prodigal version is 2.6
[11:29:30] Looking for 'prokka-genbank_to_fasta_db' - found /opt/prokka/prokka-1.11/bin/prokka-genbank_to_fasta_db
[11:29:30] Looking for 'sed' - found /bin/sed
[11:29:30] Looking for 'tbl2asn' - found /usr/bin/tbl2asn
[11:29:30] Determined tbl2asn version is 24.9
[11:29:30] Using genetic code table 11.
[11:29:30] Loading and checking input file: /mnt/data/bioinformatics/Projects/MINion/Aureus_2998-174/Github//Annotation/Chromosome.fasta
[11:29:30] Wrote 1 contigs
[11:29:30] Predicting tRNAs and tmRNAs
[11:29:30] Running: aragorn -gc11  -w \/mnt\/data\/bioinformatics\/Projects\/MINion\/Aureus_2998\-174\/Github\/\/Annotation\/Genome\/\/Genome_04082016\.fna
[11:29:32] 1 tRNA-Glu [24177,24251] 34 (ttc)
[11:29:32] 2 tRNA-Asp [24259,24331] 34 (gtc)
[11:29:32] 3 tRNA-Ser [502152,502244] 37 (tga)
[11:29:32] 4 tRNA-Val [554823,554898] 34 (tac)
[11:29:32] 5 tRNA-Thr [554915,554990] 34 (tgt)
[11:29:32] 6 tRNA-Lys [554996,555070] 35 (ttt)
[11:29:32] 7 tRNA-Gly [555103,555177] 33 (gcc)
[11:29:32] 8 tRNA-Leu [555185,555273] 35 (taa)
[11:29:32] 9 tRNA-Arg [555279,555355] 35 (acg)
[11:29:32] 10 tRNA-Pro [555376,555449] 35 (tgg)
[11:29:32] 11 tRNA-Ala [555473,555548] 34 (tgc)
[11:29:32] 12 tRNA-Ile [557317,557393] 35 (gat)
[11:29:32] 13 tRNA-Arg c[850766,850838] 34 (ccg)
[11:29:32] 14 tmRNA [867027,867385] 94,129 GKSNNNFAVAA*
[11:29:32] 15 tRNA-Ser c[1059662,1059752] 37 (gct)
[11:29:32] 16 tRNA-Asn c[1059754,1059828] 33 (gtt)
[11:29:32] 17 tRNA-Arg c[1208863,1208938] 36 (tct)
[11:29:32] 18 tRNA-Ser c[1988337,1988425] 36 (gga)
[11:29:32] 19 tRNA-Glu c[1988479,1988552] 35 (ttc)
[11:29:32] 20 tRNA-Asn c[1988553,1988627] 33 (gtt)
[11:29:32] 21 tRNA-Gly c[1988642,1988715] 33 (tcc)
[11:29:32] 22 tRNA-His c[1988731,1988806] 34 (gtg)
[11:29:32] 23 tRNA-Phe c[1988820,1988892] 34 (gaa)
[11:29:32] 24 tRNA-Asp c[1988909,1988984] 34 (gtc)
[11:29:32] 25 tRNA-Met c[1989006,1989079] 35 (cat)
[11:29:32] 26 tRNA-Leu c[2022808,2022891] 35 (caa)
[11:29:32] 27 tRNA-Gly c[2022930,2023004] 34 (tcc)
[11:29:32] 28 tRNA-Gly c[2023018,2023092] 34 (tcc)
[11:29:32] 29 tRNA-Gly c[2023108,2023182] 34 (tcc)
[11:29:32] 30 tRNA-Cys c[2023190,2023263] 33 (gca)
[11:29:32] 31 tRNA-Gln c[2023269,2023340] 33 (ttg)
[11:29:32] 32 tRNA-His c[2023351,2023424] 34 (gtg)
[11:29:32] 33 tRNA-Trp c[2023427,2023500] 33 (cca)
[11:29:32] 34 tRNA-Tyr c[2023515,2023597] 36 (gta)
[11:29:32] 35 tRNA-Thr c[2023602,2023677] 34 (tgt)
[11:29:32] 36 tRNA-Phe c[2023684,2023758] 35 (gaa)
[11:29:32] 37 tRNA-Asp c[2023776,2023851] 34 (gtc)
[11:29:32] 38 tRNA-Met c[2023860,2023935] 36 (cat)
[11:29:32] 39 tRNA-Ser c[2023949,2024041] 37 (tga)
[11:29:32] 40 tRNA-Asp c[2024080,2024155] 34 (gtc)
[11:29:32] 41 tRNA-Ser c[2024165,2024256] 38 (tga)
[11:29:32] 42 tRNA-Met c[2024265,2024338] 35 (cat)
[11:29:32] 43 tRNA-Met c[2024366,2024440] 35 (cat)
[11:29:32] 44 tRNA-Ala c[2024462,2024537] 34 (tgc)
[11:29:32] 45 tRNA-Pro c[2024555,2024628] 35 (tgg)
[11:29:32] 46 tRNA-Arg c[2024637,2024712] 36 (acg)
[11:29:32] 47 tRNA-Leu c[2024730,2024818] 35 (taa)
[11:29:32] 48 tRNA-Gly c[2024829,2024903] 33 (gcc)
[11:29:32] 49 tRNA-Leu c[2024906,2024989] 36 (tag)
[11:29:32] 50 tRNA-Lys c[2024992,2025067] 34 (ttt)
[11:29:32] 51 tRNA-Thr c[2025073,2025148] 34 (tgt)
[11:29:32] 52 tRNA-Val c[2025165,2025240] 34 (tac)
[11:29:32] 53 tRNA-Ala c[2028575,2028650] 34 (tgc)
[11:29:32] 54 tRNA-Ile c[2028669,2028745] 35 (gat)
[11:29:32] 55 tRNA-Gly c[2165452,2165525] 33 (tcc)
[11:29:32] 56 tRNA-Leu c[2165548,2165630] 34 (gag)
[11:29:32] 57 tRNA-Lys c[2276163,2276236] 34 (ttt)
[11:29:32] 58 tRNA-Gln c[2276240,2276314] 33 (ttg)
[11:29:32] 59 tRNA-Tyr c[2276324,2276407] 35 (gta)
[11:29:32] 60 tRNA-Val c[2276437,2276512] 34 (tac)
[11:29:32] 61 tRNA-Glu c[2276519,2276592] 35 (ttc)
[11:29:32] 62 tRNA-Asn c[2276593,2276667] 33 (gtt)
[11:29:32] 63 tRNA-Gln c[2377624,2377716] 40 (ttg)
[11:29:32] Found 63 tRNAs
[11:29:32] Predicting Ribosomal RNAs
[11:29:32] Running Barrnap with 6 threads
[11:29:34] 1 Chromosome 511394 16S ribosomal RNA
[11:29:34] 2 Chromosome 513312 23S ribosomal RNA
[11:29:34] 3 Chromosome 516307 5S ribosomal RNA (partial)
[11:29:34] 4 Chromosome 554698 5S ribosomal RNA (partial)
[11:29:34] 5 Chromosome 555673 16S ribosomal RNA
[11:29:34] 6 Chromosome 557563 23S ribosomal RNA
[11:29:34] 7 Chromosome 560558 5S ribosomal RNA (partial)
[11:29:34] 8 Chromosome 2025287 5S ribosomal RNA (partial)
[11:29:34] 9 Chromosome 2025441 23S ribosomal RNA
[11:29:34] 10 Chromosome 2028837 16S ribosomal RNA
[11:29:34] 11 Chromosome 2160403 5S ribosomal RNA (partial)
[11:29:34] 12 Chromosome 2160557 23S ribosomal RNA
[11:29:34] 13 Chromosome 2163782 16S ribosomal RNA
[11:29:34] 14 Chromosome 2276713 5S ribosomal RNA (partial)
[11:29:34] 15 Chromosome 2276867 23S ribosomal RNA
[11:29:34] 16 Chromosome 2280092 16S ribosomal RNA
[11:29:34] Found 16 rRNAs
[11:29:34] Skipping ncRNA search, enable with --rfam if desired.
[11:29:34] Total of 78 tRNA + rRNA features
[11:29:34] Searching for CRISPR repeats
[11:29:35] CRISPR1 Chromosome 981453 with 5 spacers
[11:29:35] CRISPR2 Chromosome 2372992 with 4 spacers
[11:29:35] Found 2 CRISPRs
[11:29:35] Predicting coding sequences
[11:29:35] Contigs total 2856834 bp, so using single mode
[11:29:35] Running: prodigal -i \/mnt\/data\/bioinformatics\/Projects\/MINion\/Aureus_2998\-174\/Github\/\/Annotation\/Genome\/\/Genome_04082016\.fna -c -m -g 11 -p single -f sco -q
[11:29:46] Excluding CDS which overlaps existing RNA (tRNA) at Chromosome:2377478..2377972 on + strand
[11:29:47] Found 2636 CDS
[11:29:47] Connecting features back to sequences
[11:29:47] Using custom Staphylococcus database for annotation
[11:29:47] Annotating CDS, please be patient.
[11:29:47] Will use 6 CPUs for similarity searching.
[11:29:51] There are still 2636 unannotated CDS left (started with 2636)
[11:29:51] Will use blast to search against /opt/prokka/prokka-1.11/bin/../db/genus/Staphylococcus with 6 CPUs
[11:29:51] Running: cat \/mnt\/data\/bioinformatics\/Projects\/MINion\/Aureus_2998\-174\/Github\/\/Annotation\/Genome\/\/Staphylococcus\.faa | parallel --gnu --plain -j 6 --block 67615 --recstart '>' --pipe blastp -query - -db /opt/prokka/prokka-1.11/bin/../db/genus/Staphylococcus -evalue 1e-06 -num_threads 1 -num_descriptions 1 -num_alignments 1 -seg no > \/mnt\/data\/bioinformatics\/Projects\/MINion\/Aureus_2998\-174\/Github\/\/Annotation\/Genome\/\/Staphylococcus\.blast 2> /dev/null
[11:30:09] Modify product: putative transposase for IS1272 => putative transposase for
[11:30:09] Modify product: transcription termination-antitermination factor => hypothetical protein
[11:30:09] Modify product: ribosomal protein L7AE family => ribosomal protein L7AE family protein
[11:30:10] Modify product: TfoX N-terminal domain-containing protein => hypothetical protein
[11:30:10] Modify product: transcriptional regulator Cro/CI family => transcriptional regulator Cro/CI family protein
[11:30:11] Modify product: putative transposase for IS1272 => putative transposase for
[11:30:11] Modify product: conserved ubiquitin-like protein => hypothetical protein
[11:30:11] Modify product: conserved multitransmembrane protein => hypothetical protein
[11:30:11] Modify product: conserved multitransmembrane protein => hypothetical protein
[11:30:11] Modify product: transcription termination/antitermination factor NusG => hypothetical protein
[11:30:11] Modify product: staphylococcal accessory regulator family => staphylococcal accessory regulator family protein
[11:30:12] Modify product: Conserved hypothetical DegV family protein => hypothetical protein
[11:30:12] Modify product: RecF/RecN/SMC N terminal domain-containing protein => hypothetical protein
[11:30:12] Modify product: conserved cytoplasmic protein => hypothetical protein
[11:30:12] Modify product: putative conserved peptidase => hypothetical protein
[11:30:13] Modify product: transcription termination/antitermination factor NusG => hypothetical protein
[11:30:13] Modify product: conserved NfeD-like membrane protein => hypothetical protein
[11:30:13] Modify product: truncated transposase for IS1272 => truncated transposase for
[11:30:13] Modify product: Scaffold protein Nfu/NifU N terminal => hypothetical protein
[11:30:13] Modify product: nucleoside diphosphate kinase superfamily => nucleoside diphosphate kinase superfamily protein
[11:30:13] Modify product: SNF2 family N-terminal domain protein => hypothetical protein
[11:30:13] Modify product: VRR-NUC domain => VRR-NUC domain protein
[11:30:13] Modify product: truncated transposase for IS1272 => truncated transposase for
[11:30:13] Modify product: truncated transposase for IS1272 => truncated transposase for
[11:30:13] Modify product: putative transposase for IS1272 => putative transposase for
[11:30:14] Modify product: staphylococcal accessory regulator family => staphylococcal accessory regulator family protein
[11:30:14] Modify product: truncated transposase for IS1272 => truncated transposase for
[11:30:14] Modify product: truncated transposase for IS1272 => truncated transposase for
[11:30:14] Modify product: truncated transposase for IS1272 => truncated transposase for
[11:30:14] Modify product: large conserved outer membrane protein => hypothetical protein
[11:30:14] Modify product: conserved cytoplasmic protein => hypothetical protein
[11:30:14] Modify product: truncated transposase for IS1272 => truncated transposase for
[11:30:14] Modify product: Acetyltransferase (GNAT) family => Acetyltransferase (GNAT) family protein
[11:30:15] Modify product: conserved regulatory protein => hypothetical protein
[11:30:15] Modify product: conserved cytoplasmic protein => hypothetical protein
[11:30:15] Modify product: conserved low-complexity protein => hypothetical protein
[11:30:15] Cleaned 36 /product names
[11:30:15] Deleting unwanted file: /mnt/data/bioinformatics/Projects/MINion/Aureus_2998-174/Github//Annotation/Genome//Staphylococcus.faa
[11:30:15] Deleting unwanted file: /mnt/data/bioinformatics/Projects/MINion/Aureus_2998-174/Github//Annotation/Genome//Staphylococcus.blast
[11:30:16] There are still 569 unannotated CDS left (started with 2636)
[11:30:16] Will use blast to search against /opt/prokka/prokka-1.11/bin/../db/kingdom/Bacteria/sprot with 6 CPUs
[11:30:16] Running: cat \/mnt\/data\/bioinformatics\/Projects\/MINion\/Aureus_2998\-174\/Github\/\/Annotation\/Genome\/\/sprot\.faa | parallel --gnu --plain -j 6 --block 8364 --recstart '>' --pipe blastp -query - -db /opt/prokka/prokka-1.11/bin/../db/kingdom/Bacteria/sprot -evalue 1e-06 -num_threads 1 -num_descriptions 1 -num_alignments 1 -seg no > \/mnt\/data\/bioinformatics\/Projects\/MINion\/Aureus_2998\-174\/Github\/\/Annotation\/Genome\/\/sprot\.blast 2> /dev/null
[11:30:22] Modify product: Ribonuclease BC_0920 => Ribonuclease
[11:30:22] Modify product: Uncharacterized beta-barrel protein YwiB => putative beta-barrel protein YwiB
[11:30:22] Modify product: Probable transcriptional regulatory protein SAV0669 => putative transcriptional regulatory protein
[11:30:22] Modify product: Probable antitoxin YezG => putative antitoxin YezG
[11:30:22] Modify product: Probable antitoxin YezG => putative antitoxin YezG
[11:30:22] Modify product: Probable antitoxin YezG => putative antitoxin YezG
[11:30:22] Modify product: Probable antitoxin YezG => putative antitoxin YezG
[11:30:22] Modify product: Probable antitoxin YezG => putative antitoxin YezG
[11:30:22] Modify product: Probable antitoxin YezG => putative antitoxin YezG
[11:30:22] Modify product: Probable amino-acid metabolite efflux pump => putative amino-acid metabolite efflux pump
[11:30:22] Modify product: Probable antitoxin YezG => putative antitoxin YezG
[11:30:22] Modify product: Probable antitoxin YezG => putative antitoxin YezG
[11:30:22] Modify product: Probable antitoxin YezG => putative antitoxin YezG
[11:30:22] Modify product: Probable antitoxin YezG => putative antitoxin YezG
[11:30:22] Modify product: Nucleoid-associated protein SA0437 => Nucleoid-associated protein
[11:30:22] Modify product: Conserved virulence factor B => hypothetical protein
[11:30:22] Modify product: Uncharacterized lipoprotein SA2158 precursor => putative lipoprotein precursor
[11:30:22] Modify product: Uncharacterized lipoprotein YehR precursor => putative lipoprotein YehR precursor
[11:30:22] Modify product: Putative surface protein SA2285 precursor => Putative surface protein precursor
[11:30:22] Modify product: Probable peptide export permease protein YydJ => putative peptide export permease protein YydJ
[11:30:22] Modify product: Uncharacterized inner membrane transporter YicL => putative inner membrane transporter YicL
[11:30:22] Cleaned 21 /product names
[11:30:22] Deleting unwanted file: /mnt/data/bioinformatics/Projects/MINion/Aureus_2998-174/Github//Annotation/Genome//sprot.faa
[11:30:22] Deleting unwanted file: /mnt/data/bioinformatics/Projects/MINion/Aureus_2998-174/Github//Annotation/Genome//sprot.blast
[11:30:23] There are still 516 unannotated CDS left (started with 2636)
[11:30:23] Will use hmmer3 to search against /opt/prokka/prokka-1.11/bin/../db/hmm/CLUSTERS.hmm with 6 CPUs
[11:30:23] Running: cat \/mnt\/data\/bioinformatics\/Projects\/MINion\/Aureus_2998\-174\/Github\/\/Annotation\/Genome\/\/CLUSTERS\.hmm\.faa | parallel --gnu --plain -j 6 --block 7380 --recstart '>' --pipe hmmscan --noali --notextw --acc -E 1e-06 --cpu 1 /opt/prokka/prokka-1.11/bin/../db/hmm/CLUSTERS.hmm /dev/stdin > \/mnt\/data\/bioinformatics\/Projects\/MINion\/Aureus_2998\-174\/Github\/\/Annotation\/Genome\/\/CLUSTERS\.hmm\.hmmer3 2> /dev/null
[11:30:50] Deleting unwanted file: /mnt/data/bioinformatics/Projects/MINion/Aureus_2998-174/Github//Annotation/Genome//CLUSTERS.hmm.faa
[11:30:50] Deleting unwanted file: /mnt/data/bioinformatics/Projects/MINion/Aureus_2998-174/Github//Annotation/Genome//CLUSTERS.hmm.hmmer3
[11:30:51] There are still 490 unannotated CDS left (started with 2636)
[11:30:51] Will use hmmer3 to search against /opt/prokka/prokka-1.11/bin/../db/hmm/HAMAP.hmm with 6 CPUs
[11:30:51] Running: cat \/mnt\/data\/bioinformatics\/Projects\/MINion\/Aureus_2998\-174\/Github\/\/Annotation\/Genome\/\/HAMAP\.hmm\.faa | parallel --gnu --plain -j 6 --block 7003 --recstart '>' --pipe hmmscan --noali --notextw --acc -E 1e-06 --cpu 1 /opt/prokka/prokka-1.11/bin/../db/hmm/HAMAP.hmm /dev/stdin > \/mnt\/data\/bioinformatics\/Projects\/MINion\/Aureus_2998\-174\/Github\/\/Annotation\/Genome\/\/HAMAP\.hmm\.hmmer3 2> /dev/null
[11:30:59] Deleting unwanted file: /mnt/data/bioinformatics/Projects/MINion/Aureus_2998-174/Github//Annotation/Genome//HAMAP.hmm.faa
[11:30:59] Deleting unwanted file: /mnt/data/bioinformatics/Projects/MINion/Aureus_2998-174/Github//Annotation/Genome//HAMAP.hmm.hmmer3
[11:31:00] There are still 487 unannotated CDS left (started with 2636)
[11:31:00] Will use hmmer3 to search against /opt/prokka/prokka-1.11/bin/../db/hmm/Pfam.hmm with 6 CPUs
[11:31:00] Running: cat \/mnt\/data\/bioinformatics\/Projects\/MINion\/Aureus_2998\-174\/Github\/\/Annotation\/Genome\/\/Pfam\.hmm\.faa | parallel --gnu --plain -j 6 --block 6863 --recstart '>' --pipe hmmscan --noali --notextw --acc -E 1e-06 --cpu 1 /opt/prokka/prokka-1.11/bin/../db/hmm/Pfam.hmm /dev/stdin > \/mnt\/data\/bioinformatics\/Projects\/MINion\/Aureus_2998\-174\/Github\/\/Annotation\/Genome\/\/Pfam\.hmm\.hmmer3 2> /dev/null
[11:31:28] Modify product: Integrase core domain => Integrase core domain protein
[11:31:28] Modify product: Integrase core domain => Integrase core domain protein
[11:31:28] Modify product: PSP1 C-terminal conserved region => hypothetical protein
[11:31:28] Modify product: YacP-like NYN domain => YacP-like NYN domain protein
[11:31:28] Modify product: YwhD family => YwhD family protein
[11:31:28] Modify product: Integrase core domain => Integrase core domain protein
[11:31:28] Modify product: TcpE family => TcpE family protein
[11:31:28] Modify product: EamA-like transporter family => EamA-like transporter family protein
[11:31:28] Modify product: Tetratricopeptide repeat => Tetratricopeptide repeat protein
[11:31:28] Modify product: ORF6C domain => ORF6C domain protein
[11:31:28] Modify product: Beta-lactamase superfamily domain => Beta-lactamase superfamily domain protein
[11:31:28] Modify product: Phage capsid family => Phage capsid family protein
[11:31:28] Modify product: Lantibiotic dehydratase, C terminus => hypothetical protein
[11:31:28] Modify product: Fusaric acid resistance protein family => Fusaric acid resistance protein family protein
[11:31:28] Modify product: Fusaric acid resistance protein family => Fusaric acid resistance protein family protein
[11:31:28] Modify product: EVE domain => EVE domain protein
[11:31:28] Modify product: PD-(D/E)XK nuclease superfamily => PD-(D/E)XK nuclease superfamily protein
[11:31:28] Modify product: YGGT family => YGGT family protein
[11:31:28] Modify product: Cysteine-rich secretory protein family => Cysteine-rich secretory protein family protein
[11:31:28] Modify product: Fusaric acid resistance protein family => Fusaric acid resistance protein family protein
[11:31:28] Modify product: Virus attachment protein p12 family => Virus attachment protein p12 family protein
[11:31:28] Modify product: DinB superfamily => DinB superfamily protein
[11:31:28] Cleaned 22 /product names
[11:31:28] Deleting unwanted file: /mnt/data/bioinformatics/Projects/MINion/Aureus_2998-174/Github//Annotation/Genome//Pfam.hmm.faa
[11:31:28] Deleting unwanted file: /mnt/data/bioinformatics/Projects/MINion/Aureus_2998-174/Github//Annotation/Genome//Pfam.hmm.hmmer3
[11:31:28] Labelling remaining 436 proteins as 'hypothetical protein'
[11:31:28] Possible /pseudo 'oligopeptide ABC superfamily ATP binding cassette transporter, membrane protein' at Chromosome position 82686
[11:31:28] Possible /pseudo 'staphylococcal tandem lipoprotein' at Chromosome position 110769
[11:31:28] Possible /pseudo 'staphylococcal tandem lipoprotein' at Chromosome position 111636
[11:31:28] Possible /pseudo 'staphylococcal tandem lipoprotein' at Chromosome position 112473
[11:31:28] Possible /pseudo 'ABC superfamily ATP binding cassette transporter, membrane protein' at Chromosome position 161815
[11:31:28] Possible /pseudo 'capsular polysaccharide biosynthesis protein Cap5D' at Chromosome position 177068
[11:31:28] Possible /pseudo 'maltose/maltodextrin ABC superfamily ATP binding cassette transporter, membrane protein' at Chromosome position 249595
[11:31:28] Possible /pseudo 'ABC-2 family transporter protein' at Chromosome position 324715
[11:31:28] Possible /pseudo 'putative antitoxin YezG' at Chromosome position 346932
[11:31:28] Possible /pseudo 'putative antitoxin YezG' at Chromosome position 347949
[11:31:28] Possible /pseudo 'putative antitoxin YezG' at Chromosome position 350431
[11:31:28] Possible /pseudo 'putative antitoxin YezG' at Chromosome position 350942
[11:31:28] Possible /pseudo 'putative antitoxin YezG' at Chromosome position 351453
[11:31:28] Possible /pseudo 'putative antitoxin YezG' at Chromosome position 351964
[11:31:28] Possible /pseudo 'imelysin' at Chromosome position 396224
[11:31:28] Possible /pseudo 'bifunctional cystathionine gamma-lyase/gamma-synthase' at Chromosome position 413040
[11:31:28] Possible /pseudo 'superantigen-like protein' at Chromosome position 447183
[11:31:28] Possible /pseudo 'superantigen-like protein' at Chromosome position 448169
[11:31:28] Possible /pseudo 'staphylococcal tandem lipoprotein' at Chromosome position 462930
[11:31:28] Possible /pseudo 'staphylococcal tandem lipoprotein' at Chromosome position 465424
[11:31:28] Possible /pseudo 'staphylococcal tandem lipoprotein' at Chromosome position 466226
[11:31:28] Possible /pseudo 'deoxynucleoside kinase' at Chromosome position 607107
[11:31:28] Possible /pseudo 'poly (glycerol-phosphate) alpha-glucosyltransferase' at Chromosome position 623223
[11:31:28] Possible /pseudo 'ABC superfamily ATP binding cassette transporter, ABC protein' at Chromosome position 757027
[11:31:28] Possible /pseudo 'iron (Fe+3) ABC superfamily ATP binding cassette transporter, membrane protein' at Chromosome position 811498
[11:31:28] Possible /pseudo 'Helix-turn-helix' at Chromosome position 870502
[11:31:28] Possible /pseudo 'phage protein' at Chromosome position 879366
[11:31:28] Possible /pseudo 'phage protein' at Chromosome position 900519
[11:31:28] Possible /pseudo 'oligopeptide ABC superfamily ATP binding cassette transporter, membrane protein' at Chromosome position 1015978
[11:31:28] Possible /pseudo 'oligopeptide ABC superfamily ATP binding cassette transporter, ABC protein' at Chromosome position 1018137
[11:31:28] Possible /pseudo 'oligopeptide ABC superfamily ATP binding cassette transporter, ABC protein' at Chromosome position 1023719
[11:31:28] Possible /pseudo 'competence protein CoiA' at Chromosome position 1029850
[11:31:28] Possible /pseudo 'binding-protein-dependent transport system inner membrane protein' at Chromosome position 1137350
[11:31:28] Possible /pseudo 'superantigen-like protein' at Chromosome position 1200498
[11:31:28] Possible /pseudo 'superantigen-like protein' at Chromosome position 1201318
[11:31:28] Possible /pseudo 'antibacterial protein (phenol soluble modulin)' at Chromosome position 1209492
[11:31:28] Possible /pseudo 'putative cell division protein' at Chromosome position 1221007
[11:31:28] Possible /pseudo 'ImpB/MucB/SamB family DNA-damage repair protein' at Chromosome position 1427483
[11:31:28] Possible /pseudo 'ABC-type dipeptide/oligopeptide/nickel transporter, ATPase component 2' at Chromosome position 1443284
[11:31:28] Possible /pseudo 'oligopeptide ABC superfamily ATP binding cassette transporter, membrane protein' at Chromosome position 1444867
[11:31:28] Possible /pseudo 'phosphate ABC superfamily ATP binding cassette transporter, membrane protein' at Chromosome position 1451125
[11:31:28] Possible /pseudo 'extracellular matrix binding protein' at Chromosome position 1509346
[11:31:28] Possible /pseudo 'putative lipoprotein' at Chromosome position 1585632
[11:31:28] Possible /pseudo 'phage protein' at Chromosome position 1593641
[11:31:28] Possible /pseudo 'phage protein' at Chromosome position 1595567
[11:31:28] Possible /pseudo 'bacteriophage transcriptional regulator' at Chromosome position 1628985
[11:31:28] Possible /pseudo 'peptidase U32 family protein' at Chromosome position 1746676
[11:31:28] Possible /pseudo 'crossover junction endodeoxyribonuclease' at Chromosome position 1780184
[11:31:28] Possible /pseudo 'truncated transposase for' at Chromosome position 1919601
[11:31:28] Possible /pseudo 'S1B family serine protease SplE' at Chromosome position 1967341
[11:31:28] Possible /pseudo 'S1B family serine protease SplE' at Chromosome position 1968215
[11:31:28] Possible /pseudo 'peptidase S1 and S6, chymotrypsin/Hap' at Chromosome position 1969832
[11:31:28] Possible /pseudo 'peptidase S1 and S6, chymotrypsin/Hap' at Chromosome position 1970679
[11:31:28] Possible /pseudo 'accessory gene regulator protein C' at Chromosome position 2132476
[11:31:28] Possible /pseudo 'membrane-flanked domain-containing protein' at Chromosome position 2175000
[11:31:28] Possible /pseudo 'methicillin resistance determinant FmtB protein' at Chromosome position 2266698
[11:31:28] Possible /pseudo 'truncated transposase for' at Chromosome position 2302540
[11:31:28] Possible /pseudo 'cobalt transporter ATP-binding subunit' at Chromosome position 2340160
[11:31:28] Possible /pseudo 'ABC superfamily ATP binding cassette transporter, ABC/membrane protein' at Chromosome position 2537185
[11:31:28] Possible /pseudo 'oligopeptide ABC superfamily ATP binding cassette transporter, membrane protein' at Chromosome position 2578874
[11:31:28] Possible /pseudo 'putative staphylococcal tandem lipoprotein' at Chromosome position 2597255
[11:31:28] Possible /pseudo 'membrane protein' at Chromosome position 2850167
[11:31:28] Found 1184 unique /gene codes.
[11:31:28] Fixed 2 duplicate /gene - argF_1 argF_2
[11:31:28] Fixed 2 duplicate /gene - hsdS_1 hsdS_2
[11:31:28] Fixed 2 duplicate /gene - sua5_1 sua5_2
[11:31:28] Fixed 2 duplicate /gene - tarF_1 tarF_2
[11:31:28] Fixed 2 duplicate /gene - mnhB_1 mnhB_2
[11:31:28] Fixed 2 duplicate /gene - mtlA_1 mtlA_2
[11:31:28] Fixed 2 duplicate /gene - arcD_1 arcD_2
[11:31:28] Fixed 2 duplicate /gene - arcC1_1 arcC1_2
[11:31:28] Fixed 2 duplicate /gene - dapD_1 dapD_2
[11:31:28] Fixed 2 duplicate /gene - lrgA_1 lrgA_2
[11:31:28] Fixed 2 duplicate /gene - argR_1 argR_2
[11:31:28] Fixed 3 duplicate /gene - splE_1 splE_2 splE_3
[11:31:29] Fixed 2 duplicate /gene - lrgB_1 lrgB_2
[11:31:29] Fixed 2 duplicate /gene - coaBC_1 coaBC_2
[11:31:29] Fixed 2 duplicate /gene - araC_1 araC_2
[11:31:29] Fixed 2 duplicate /gene - ssaA_1 ssaA_2
[11:31:29] Fixed 2 duplicate /gene - cap5D_1 cap5D_2
[11:31:29] Fixed 2 duplicate /gene - dus_1 dus_2
[11:31:29] Fixed 2 duplicate /gene - splC_1 splC_2
[11:31:29] Fixed 2 duplicate /gene - mnhC_1 mnhC_2
[11:31:29] Fixed 2 duplicate /gene - secY_1 secY_2
[11:31:29] Fixed 2 duplicate /gene - lpl8_1 lpl8_2
[11:31:29] Fixed 2 duplicate /gene - mnhG_1 mnhG_2
[11:31:29] Fixed 4 duplicate /gene - lpl1_1 lpl1_2 lpl1_3 lpl1_4
[11:31:29] Fixed 2 duplicate /gene - gyrB_1 gyrB_2
[11:31:29] Fixed 2 duplicate /gene - ispD_1 ispD_2
[11:31:29] Fixed 2 duplicate /gene - arcA_1 arcA_2
[11:31:29] Fixed 2 duplicate /gene - csoR_1 csoR_2
[11:31:29] Fixed 2 duplicate /gene - mnhD_1 mnhD_2
[11:31:29] Fixed 2 duplicate /gene - rpsN_1 rpsN_2
[11:31:29] Fixed 2 duplicate /gene - recD_1 recD_2
[11:31:29] Fixed 2 duplicate /gene - copA_1 copA_2
[11:31:29] Fixed 2 duplicate /gene - opp-2B_1 opp-2B_2
[11:31:29] Fixed 2 duplicate /gene - opp-1A_1 opp-1A_2
[11:31:29] Fixed 2 duplicate /gene - opp-2C_1 opp-2C_2
[11:31:29] Fixed 2 duplicate /gene - coiA_1 coiA_2
[11:31:29] Fixed 2 duplicate /gene - crcB_1 crcB_2
[11:31:29] Fixed 3 duplicate /gene - uspA_1 uspA_2 uspA_3
[11:31:29] Fixed 2 duplicate /gene - accB_1 accB_2
[11:31:29] Fixed 2 duplicate /gene - mnhE_1 mnhE_2
[11:31:29] Fixed 2 duplicate /gene - mazG_1 mazG_2
[11:31:29] Fixed 2 duplicate /gene - atpA_1 atpA_2
[11:31:29] Fixed 2 duplicate /gene - ilvA_1 ilvA_2
[11:31:29] Fixed 2 duplicate /gene - mnhF_1 mnhF_2
[11:31:29] Fixed 2 duplicate /gene - hsdM_1 hsdM_2
[11:31:29] Fixed 2 duplicate /gene - accC_1 accC_2
[11:31:29] Fixed 2 duplicate /gene - cbiO_1 cbiO_2
[11:31:29] Fixed 10 duplicate /gene - yezG_1 yezG_2 yezG_3 yezG_4 yezG_5 yezG_6 yezG_7 yezG_8 yezG_9 yezG_10
[11:31:29] Fixed 2 duplicate /gene - opp-1D_1 opp-1D_2
[11:31:29] Fixed 2 duplicate /gene - rpmG_1 rpmG_2
[11:31:29] Fixed 2 duplicate /gene - nikE_1 nikE_2
[11:31:29] Fixed 2 duplicate /gene - atpB_1 atpB_2
[11:31:29] Fixed 2 duplicate /gene - mvaS_1 mvaS_2
[11:31:29] Fixed 2 duplicate /gene - brnQ_1 brnQ_2
[11:31:29] Fixed 54 colliding /gene names.
[11:31:29] Adding /locus_tag identifiers
[11:31:29] Assigned 2715 locus_tags to CDS and RNA features.
[11:31:29] Writing outputs to /mnt/data/bioinformatics/Projects/MINion/Aureus_2998-174/Github//Annotation/Genome//
[11:31:37] Generating annotation statistics file
[11:31:37] Generating Genbank and Sequin files
[11:31:37] Running: tbl2asn -V b -a r10k -l paired-ends -M n -N 1 -y 'Annotated using prokka 1.11 from http://www.vicbioinformatics.com' -Z \/mnt\/data\/bioinformatics\/Projects\/MINion\/Aureus_2998\-174\/Github\/\/Annotation\/Genome\/\/Genome_04082016\.err -i \/mnt\/data\/bioinformatics\/Projects\/MINion\/Aureus_2998\-174\/Github\/\/Annotation\/Genome\/\/Genome_04082016\.fsa 2> /dev/null
[11:31:48] Deleting unwanted file: /mnt/data/bioinformatics/Projects/MINion/Aureus_2998-174/Github//Annotation/Genome//errorsummary.val
[11:31:48] Deleting unwanted file: /mnt/data/bioinformatics/Projects/MINion/Aureus_2998-174/Github//Annotation/Genome//Genome_04082016.dr
[11:31:48] Deleting unwanted file: /mnt/data/bioinformatics/Projects/MINion/Aureus_2998-174/Github//Annotation/Genome//Genome_04082016.fixedproducts
[11:31:48] Deleting unwanted file: /mnt/data/bioinformatics/Projects/MINion/Aureus_2998-174/Github//Annotation/Genome//Genome_04082016.ecn
[11:31:48] Deleting unwanted file: /mnt/data/bioinformatics/Projects/MINion/Aureus_2998-174/Github//Annotation/Genome//Genome_04082016.val
[11:31:48] Repairing broken .GBK output that tbl2asn produces...
[11:31:48] Running: sed 's/COORDINATES: profile/COORDINATES:profile/' < \/mnt\/data\/bioinformatics\/Projects\/MINion\/Aureus_2998\-174\/Github\/\/Annotation\/Genome\/\/Genome_04082016\.gbf > \/mnt\/data\/bioinformatics\/Projects\/MINion\/Aureus_2998\-174\/Github\/\/Annotation\/Genome\/\/Genome_04082016\.gbk
[11:31:48] Deleting unwanted file: /mnt/data/bioinformatics/Projects/MINion/Aureus_2998-174/Github//Annotation/Genome//Genome_04082016.gbf
[11:31:48] Output files:
[11:31:48] /mnt/data/bioinformatics/Projects/MINion/Aureus_2998-174/Github//Annotation/Genome/Genome_04082016.tbl
[11:31:48] /mnt/data/bioinformatics/Projects/MINion/Aureus_2998-174/Github//Annotation/Genome/Genome_04082016.gff
[11:31:48] /mnt/data/bioinformatics/Projects/MINion/Aureus_2998-174/Github//Annotation/Genome/Genome_04082016.ffn
[11:31:48] /mnt/data/bioinformatics/Projects/MINion/Aureus_2998-174/Github//Annotation/Genome/Genome_04082016.sqn
[11:31:48] /mnt/data/bioinformatics/Projects/MINion/Aureus_2998-174/Github//Annotation/Genome/Genome_04082016.fsa
[11:31:48] /mnt/data/bioinformatics/Projects/MINion/Aureus_2998-174/Github//Annotation/Genome/Genome_04082016.faa
[11:31:48] /mnt/data/bioinformatics/Projects/MINion/Aureus_2998-174/Github//Annotation/Genome/Genome_04082016.err
[11:31:48] /mnt/data/bioinformatics/Projects/MINion/Aureus_2998-174/Github//Annotation/Genome/Genome_04082016.gbk
[11:31:48] /mnt/data/bioinformatics/Projects/MINion/Aureus_2998-174/Github//Annotation/Genome/Genome_04082016.txt
[11:31:48] /mnt/data/bioinformatics/Projects/MINion/Aureus_2998-174/Github//Annotation/Genome/Genome_04082016.fna
[11:31:48] /mnt/data/bioinformatics/Projects/MINion/Aureus_2998-174/Github//Annotation/Genome/Genome_04082016.log
[11:31:48] /mnt/data/bioinformatics/Projects/MINion/Aureus_2998-174/Github//Annotation/Genome/Genome_04082016.gbk.sslist
[11:31:48] Walltime used: 2.32 minutes
[11:31:48] If you use this result please cite the Prokka paper:
[11:31:48] Seemann T (2014) Prokka: rapid prokaryotic genome annotation. Bioinformatics. 30(14):2068-9.
[11:31:48] Type 'prokka --citation' for more details.
[11:31:48] Share and enjoy!
