[11:57:34] Command: --outdir /mnt/data/bioinformatics/Projects/MINion/Aureus_2998-174/PaperDrafts/GigascienceSubmission/Github/MHO_analysis//Annotation/PlasmidA/ --force --prefix PlasmidA --locustag PlasmidA --genus Staphylococcus --species aureus --plasmid USA300A --kingdom Bacteria --cpus 6 /mnt/data/bioinformatics/Projects/MINion/Aureus_2998-174/PaperDrafts/GigascienceSubmission/Github/MHO_analysis//Annotation/PlasmidA.fasta
[11:57:34] Looking for 'aragorn' - found /home/sb2145/.linuxbrew/bin/aragorn
[11:57:34] Determined aragorn version is 1.2
[11:57:34] Looking for 'barrnap' - found /home/sb2145/.linuxbrew/bin/barrnap
[11:57:34] Determined barrnap version is 0.7
[11:57:34] Looking for 'blastp' - found /home/sb2145/.linuxbrew/bin/blastp
[11:57:34] Determined blastp version is 2.4
[11:57:34] Looking for 'cmpress' - found /home/sb2145/.linuxbrew/bin/cmpress
[11:57:34] Determined cmpress version is 1.1
[11:57:34] Looking for 'cmscan' - found /home/sb2145/.linuxbrew/bin/cmscan
[11:57:34] Determined cmscan version is 1.1
[11:57:34] Looking for 'egrep' - found /bin/egrep
[11:57:34] Looking for 'find' - found /usr/bin/find
[11:57:34] Looking for 'grep' - found /bin/grep
[11:57:34] Looking for 'hmmpress' - found /home/sb2145/.linuxbrew/bin/hmmpress
[11:57:34] Determined hmmpress version is 3.1
[11:57:34] Looking for 'hmmscan' - found /home/sb2145/.linuxbrew/bin/hmmscan
[11:57:34] Determined hmmscan version is 3.1
[11:57:34] Looking for 'less' - found /usr/bin/less
[11:57:34] Looking for 'makeblastdb' - found /home/sb2145/.linuxbrew/bin/makeblastdb
[11:57:34] Determined makeblastdb version is 2.4
[11:57:34] Looking for 'minced' - found /home/sb2145/.linuxbrew/bin/minced
[11:57:34] Determined minced version is 2.0
[11:57:34] Looking for 'parallel' - found /home/sb2145/.linuxbrew/bin/parallel
[11:57:34] Determined parallel version is 20160722
[11:57:34] Looking for 'prodigal' - found /home/sb2145/.linuxbrew/bin/prodigal
[11:57:35] Determined prodigal version is 2.6
[11:57:35] Looking for 'prokka-genbank_to_fasta_db' - found /home/sb2145/.linuxbrew/bin/prokka-genbank_to_fasta_db
[11:57:35] Looking for 'sed' - found /bin/sed
[11:57:35] Looking for 'signalp' - found /usr/bin/signalp
[11:57:35] Determined signalp version is 4.1
[11:57:35] Looking for 'tbl2asn' - found /home/sb2145/.linuxbrew/bin/tbl2asn
[11:57:35] Determined tbl2asn version is 24.9
[11:57:35] Using genetic code table 11.
[11:57:35] Loading and checking input file: /mnt/data/bioinformatics/Projects/MINion/Aureus_2998-174/PaperDrafts/GigascienceSubmission/Github/MHO_analysis//Annotation/PlasmidA.fasta
[11:57:35] Wrote 1 contigs
[11:57:35] Predicting tRNAs and tmRNAs
[11:57:35] Running: aragorn -gc11  -w \/mnt\/data\/bioinformatics\/Projects\/MINion\/Aureus_2998\-174\/PaperDrafts\/GigascienceSubmission\/Github\/MHO_analysis\/\/Annotation\/PlasmidA\/\/PlasmidA\.fna
[11:57:35] Found 0 tRNAs
[11:57:35] Predicting Ribosomal RNAs
[11:57:35] Running Barrnap with 6 threads
[11:57:35] Found 0 rRNAs
[11:57:35] Skipping ncRNA search, enable with --rfam if desired.
[11:57:35] Total of 0 tRNA + rRNA features
[11:57:35] Searching for CRISPR repeats
[11:57:35] Found 0 CRISPRs
[11:57:35] Predicting coding sequences
[11:57:35] Contigs total 27068 bp, so using meta mode
[11:57:35] Running: prodigal -i \/mnt\/data\/bioinformatics\/Projects\/MINion\/Aureus_2998\-174\/PaperDrafts\/GigascienceSubmission\/Github\/MHO_analysis\/\/Annotation\/PlasmidA\/\/PlasmidA\.fna -c -m -g 11 -p meta -f sco -q
[11:57:35] Found 33 CDS
[11:57:35] Connecting features back to sequences
[11:57:35] Option --gram not specified, will NOT check for signal peptides.
[11:57:35] Not using genus-specific database. Try --usegenus to enable it.
[11:57:35] Annotating CDS, please be patient.
[11:57:35] Will use 6 CPUs for similarity searching.
[11:57:35] There are still 33 unannotated CDS left (started with 33)
[11:57:35] Will use blast to search against /home/sb2145/.linuxbrew/Cellar/prokka/1.11_1/bin/../db/kingdom/Bacteria/sprot with 6 CPUs
[11:57:35] Running: cat \/mnt\/data\/bioinformatics\/Projects\/MINion\/Aureus_2998\-174\/PaperDrafts\/GigascienceSubmission\/Github\/MHO_analysis\/\/Annotation\/PlasmidA\/\/sprot\.faa | parallel --gnu --plain -j 6 --block 546 --recstart '>' --pipe blastp -query - -db /home/sb2145/.linuxbrew/Cellar/prokka/1.11_1/bin/../db/kingdom/Bacteria/sprot -evalue 1e-06 -num_threads 1 -num_descriptions 1 -num_alignments 1 -seg no > \/mnt\/data\/bioinformatics\/Projects\/MINion\/Aureus_2998\-174\/PaperDrafts\/GigascienceSubmission\/Github\/MHO_analysis\/\/Annotation\/PlasmidA\/\/sprot\.blast 2> /dev/null
[11:57:37] Modify product: Probable acrylyl-CoA reductase AcuI => putative acrylyl-CoA reductase AcuI
[11:57:37] Modify product: Uncharacterized ABC transporter ATP-binding protein YheS => putative ABC transporter ATP-binding protein YheS
[11:57:37] Modify product: Uncharacterized ABC transporter ATP-binding protein YxlF => putative ABC transporter ATP-binding protein YxlF
[11:57:37] Cleaned 3 /product names
[11:57:37] Deleting unwanted file: /mnt/data/bioinformatics/Projects/MINion/Aureus_2998-174/PaperDrafts/GigascienceSubmission/Github/MHO_analysis//Annotation/PlasmidA//sprot.faa
[11:57:37] Deleting unwanted file: /mnt/data/bioinformatics/Projects/MINion/Aureus_2998-174/PaperDrafts/GigascienceSubmission/Github/MHO_analysis//Annotation/PlasmidA//sprot.blast
[11:57:37] There are still 18 unannotated CDS left (started with 33)
[11:57:37] Will use hmmer3 to search against /home/sb2145/.linuxbrew/Cellar/prokka/1.11_1/bin/../db/hmm/CLUSTERS.hmm with 6 CPUs
[11:57:37] Running: cat \/mnt\/data\/bioinformatics\/Projects\/MINion\/Aureus_2998\-174\/PaperDrafts\/GigascienceSubmission\/Github\/MHO_analysis\/\/Annotation\/PlasmidA\/\/CLUSTERS\.hmm\.faa | parallel --gnu --plain -j 6 --block 246 --recstart '>' --pipe hmmscan --noali --notextw --acc -E 1e-06 --cpu 1 /home/sb2145/.linuxbrew/Cellar/prokka/1.11_1/bin/../db/hmm/CLUSTERS.hmm /dev/stdin > \/mnt\/data\/bioinformatics\/Projects\/MINion\/Aureus_2998\-174\/PaperDrafts\/GigascienceSubmission\/Github\/MHO_analysis\/\/Annotation\/PlasmidA\/\/CLUSTERS\.hmm\.hmmer3 2> /dev/null
[11:57:38] Deleting unwanted file: /mnt/data/bioinformatics/Projects/MINion/Aureus_2998-174/PaperDrafts/GigascienceSubmission/Github/MHO_analysis//Annotation/PlasmidA//CLUSTERS.hmm.faa
[11:57:38] Deleting unwanted file: /mnt/data/bioinformatics/Projects/MINion/Aureus_2998-174/PaperDrafts/GigascienceSubmission/Github/MHO_analysis//Annotation/PlasmidA//CLUSTERS.hmm.hmmer3
[11:57:38] There are still 16 unannotated CDS left (started with 33)
[11:57:38] Will use hmmer3 to search against /home/sb2145/.linuxbrew/Cellar/prokka/1.11_1/bin/../db/hmm/HAMAP.hmm with 6 CPUs
[11:57:38] Running: cat \/mnt\/data\/bioinformatics\/Projects\/MINion\/Aureus_2998\-174\/PaperDrafts\/GigascienceSubmission\/Github\/MHO_analysis\/\/Annotation\/PlasmidA\/\/HAMAP\.hmm\.faa | parallel --gnu --plain -j 6 --block 226 --recstart '>' --pipe hmmscan --noali --notextw --acc -E 1e-06 --cpu 1 /home/sb2145/.linuxbrew/Cellar/prokka/1.11_1/bin/../db/hmm/HAMAP.hmm /dev/stdin > \/mnt\/data\/bioinformatics\/Projects\/MINion\/Aureus_2998\-174\/PaperDrafts\/GigascienceSubmission\/Github\/MHO_analysis\/\/Annotation\/PlasmidA\/\/HAMAP\.hmm\.hmmer3 2> /dev/null
[11:57:39] Deleting unwanted file: /mnt/data/bioinformatics/Projects/MINion/Aureus_2998-174/PaperDrafts/GigascienceSubmission/Github/MHO_analysis//Annotation/PlasmidA//HAMAP.hmm.faa
[11:57:39] Deleting unwanted file: /mnt/data/bioinformatics/Projects/MINion/Aureus_2998-174/PaperDrafts/GigascienceSubmission/Github/MHO_analysis//Annotation/PlasmidA//HAMAP.hmm.hmmer3
[11:57:39] There are still 16 unannotated CDS left (started with 33)
[11:57:39] Will use hmmer3 to search against /home/sb2145/.linuxbrew/Cellar/prokka/1.11_1/bin/../db/hmm/Pfam.hmm with 6 CPUs
[11:57:39] Running: cat \/mnt\/data\/bioinformatics\/Projects\/MINion\/Aureus_2998\-174\/PaperDrafts\/GigascienceSubmission\/Github\/MHO_analysis\/\/Annotation\/PlasmidA\/\/Pfam\.hmm\.faa | parallel --gnu --plain -j 6 --block 226 --recstart '>' --pipe hmmscan --noali --notextw --acc -E 1e-06 --cpu 1 /home/sb2145/.linuxbrew/Cellar/prokka/1.11_1/bin/../db/hmm/Pfam.hmm /dev/stdin > \/mnt\/data\/bioinformatics\/Projects\/MINion\/Aureus_2998\-174\/PaperDrafts\/GigascienceSubmission\/Github\/MHO_analysis\/\/Annotation\/PlasmidA\/\/Pfam\.hmm\.hmmer3 2> /dev/null
[11:57:41] Modify product: Integrase core domain => Integrase core domain protein
[11:57:41] Modify product: Phosphotransferase enzyme family => Phosphotransferase enzyme family protein
[11:57:41] Modify product: Replication initiator protein A (RepA) N-terminus => hypothetical protein
[11:57:41] Modify product: Integrase core domain => Integrase core domain protein
[11:57:41] Cleaned 4 /product names
[11:57:41] Deleting unwanted file: /mnt/data/bioinformatics/Projects/MINion/Aureus_2998-174/PaperDrafts/GigascienceSubmission/Github/MHO_analysis//Annotation/PlasmidA//Pfam.hmm.faa
[11:57:41] Deleting unwanted file: /mnt/data/bioinformatics/Projects/MINion/Aureus_2998-174/PaperDrafts/GigascienceSubmission/Github/MHO_analysis//Annotation/PlasmidA//Pfam.hmm.hmmer3
[11:57:41] Labelling remaining 9 proteins as 'hypothetical protein'
[11:57:41] Found 15 unique /gene codes.
[11:57:41] Fixed 0 colliding /gene names.
[11:57:41] Adding /locus_tag identifiers
[11:57:41] Assigned 33 locus_tags to CDS and RNA features.
[11:57:41] Writing outputs to /mnt/data/bioinformatics/Projects/MINion/Aureus_2998-174/PaperDrafts/GigascienceSubmission/Github/MHO_analysis//Annotation/PlasmidA//
[11:57:41] Generating annotation statistics file
[11:57:41] Generating Genbank and Sequin files
[11:57:41] Running: tbl2asn -V b -a r10k -l paired-ends -M n -N 1 -y 'Annotated using prokka 1.11 from http://www.vicbioinformatics.com' -Z \/mnt\/data\/bioinformatics\/Projects\/MINion\/Aureus_2998\-174\/PaperDrafts\/GigascienceSubmission\/Github\/MHO_analysis\/\/Annotation\/PlasmidA\/\/PlasmidA\.err -i \/mnt\/data\/bioinformatics\/Projects\/MINion\/Aureus_2998\-174\/PaperDrafts\/GigascienceSubmission\/Github\/MHO_analysis\/\/Annotation\/PlasmidA\/\/PlasmidA\.fsa 2> /dev/null
[11:57:41] Deleting unwanted file: /mnt/data/bioinformatics/Projects/MINion/Aureus_2998-174/PaperDrafts/GigascienceSubmission/Github/MHO_analysis//Annotation/PlasmidA//errorsummary.val
[11:57:41] Deleting unwanted file: /mnt/data/bioinformatics/Projects/MINion/Aureus_2998-174/PaperDrafts/GigascienceSubmission/Github/MHO_analysis//Annotation/PlasmidA//PlasmidA.dr
[11:57:41] Deleting unwanted file: /mnt/data/bioinformatics/Projects/MINion/Aureus_2998-174/PaperDrafts/GigascienceSubmission/Github/MHO_analysis//Annotation/PlasmidA//PlasmidA.fixedproducts
[11:57:41] Deleting unwanted file: /mnt/data/bioinformatics/Projects/MINion/Aureus_2998-174/PaperDrafts/GigascienceSubmission/Github/MHO_analysis//Annotation/PlasmidA//PlasmidA.ecn
[11:57:41] Deleting unwanted file: /mnt/data/bioinformatics/Projects/MINion/Aureus_2998-174/PaperDrafts/GigascienceSubmission/Github/MHO_analysis//Annotation/PlasmidA//PlasmidA.val
[11:57:41] Repairing broken .GBK output that tbl2asn produces...
[11:57:41] Running: sed 's/COORDINATES: profile/COORDINATES:profile/' < \/mnt\/data\/bioinformatics\/Projects\/MINion\/Aureus_2998\-174\/PaperDrafts\/GigascienceSubmission\/Github\/MHO_analysis\/\/Annotation\/PlasmidA\/\/PlasmidA\.gbf > \/mnt\/data\/bioinformatics\/Projects\/MINion\/Aureus_2998\-174\/PaperDrafts\/GigascienceSubmission\/Github\/MHO_analysis\/\/Annotation\/PlasmidA\/\/PlasmidA\.gbk
[11:57:41] Deleting unwanted file: /mnt/data/bioinformatics/Projects/MINion/Aureus_2998-174/PaperDrafts/GigascienceSubmission/Github/MHO_analysis//Annotation/PlasmidA//PlasmidA.gbf
[11:57:41] Output files:
[11:57:41] /mnt/data/bioinformatics/Projects/MINion/Aureus_2998-174/PaperDrafts/GigascienceSubmission/Github/MHO_analysis//Annotation/PlasmidA/PlasmidA.gff
[11:57:41] /mnt/data/bioinformatics/Projects/MINion/Aureus_2998-174/PaperDrafts/GigascienceSubmission/Github/MHO_analysis//Annotation/PlasmidA/PlasmidA.faa
[11:57:41] /mnt/data/bioinformatics/Projects/MINion/Aureus_2998-174/PaperDrafts/GigascienceSubmission/Github/MHO_analysis//Annotation/PlasmidA/PlasmidA.gbk
[11:57:41] /mnt/data/bioinformatics/Projects/MINion/Aureus_2998-174/PaperDrafts/GigascienceSubmission/Github/MHO_analysis//Annotation/PlasmidA/PlasmidA.tbl
[11:57:41] /mnt/data/bioinformatics/Projects/MINion/Aureus_2998-174/PaperDrafts/GigascienceSubmission/Github/MHO_analysis//Annotation/PlasmidA/PlasmidA.ffn
[11:57:41] /mnt/data/bioinformatics/Projects/MINion/Aureus_2998-174/PaperDrafts/GigascienceSubmission/Github/MHO_analysis//Annotation/PlasmidA/PlasmidA.txt
[11:57:41] /mnt/data/bioinformatics/Projects/MINion/Aureus_2998-174/PaperDrafts/GigascienceSubmission/Github/MHO_analysis//Annotation/PlasmidA/PlasmidA.err
[11:57:41] /mnt/data/bioinformatics/Projects/MINion/Aureus_2998-174/PaperDrafts/GigascienceSubmission/Github/MHO_analysis//Annotation/PlasmidA/PlasmidA.fsa
[11:57:41] /mnt/data/bioinformatics/Projects/MINion/Aureus_2998-174/PaperDrafts/GigascienceSubmission/Github/MHO_analysis//Annotation/PlasmidA/PlasmidA.fna
[11:57:41] /mnt/data/bioinformatics/Projects/MINion/Aureus_2998-174/PaperDrafts/GigascienceSubmission/Github/MHO_analysis//Annotation/PlasmidA/PlasmidA.log
[11:57:41] /mnt/data/bioinformatics/Projects/MINion/Aureus_2998-174/PaperDrafts/GigascienceSubmission/Github/MHO_analysis//Annotation/PlasmidA/PlasmidA.sqn
[11:57:41] Walltime used: 0.12 minutes
[11:57:41] If you use this result please cite the Prokka paper:
[11:57:41] Seemann T (2014) Prokka: rapid prokaryotic genome annotation. Bioinformatics. 30(14):2068-9.
[11:57:41] Type 'prokka --citation' for more details.
[11:57:41] Share and enjoy!
