Discrepancy Report Results

Summary
FATAL: MISSING_PROTEIN_ID:33 proteins have invalid IDs.
DISC_SOURCE_QUALS_ASNDISC:strain (all present, all unique)
DISC_SOURCE_QUALS_ASNDISC:taxname (all present, all unique)
DISC_FEATURE_COUNT:CDS: 33 present
DISC_COUNT_NUCLEOTIDES:1 nucleotide Bioseqs are present
FEATURE_LOCATION_CONFLICT:33 features have inconsistent gene locations.
SUSPECT_PRODUCT_NAMES:1 product_names contain suspect phrase or characters
	May contain database identifier more appropriate in note; remove from product name
		1 features Three or more numbers together but not contains 'methyltransferas'
DISC_QUALITY_SCORES:Quality scores are missing on all sequences.
ONCALLER_COMMENT_PRESENT:1 comment descriptors were found (all same)
SHORT_PROT_SEQUENCES:1 protein sequences are shorter than 50 aa.
MISSING_GENOMEASSEMBLY_COMMENTS:1 bioseqs are missing GenomeAssembly structured comments
TEST_DEFLINE_PRESENT:1 Bioseqs have definition line
MOLTYPE_NOT_MRNA:1 molecule types are not set as mRNA.
TECHNIQUE_NOT_TSA:1 technique are not set as TSA
MISSING_STRUCTURED_COMMENT:1 sequences do not include structured comments.
MISSING_PROJECT:34 sequences do not include project.
DISC_INCONSISTENT_MOLINFO_TECH:Molinfo Technique Report (some missing, all same)


Detailed Report

FATAL: DiscRep_ALL:MISSING_PROTEIN_ID::33 proteins have invalid IDs.
/mnt/data/bioinformatics/Projects/MINion/Aureus_2998-174/PaperDrafts/GigascienceSubmission/Github/MHO_analysis//Annotation/PlasmidA//PlasmidA:PlasmidA_1 (length 100)
/mnt/data/bioinformatics/Projects/MINion/Aureus_2998-174/PaperDrafts/GigascienceSubmission/Github/MHO_analysis//Annotation/PlasmidA//PlasmidA:PlasmidA_2 (length 172)
/mnt/data/bioinformatics/Projects/MINion/Aureus_2998-174/PaperDrafts/GigascienceSubmission/Github/MHO_analysis//Annotation/PlasmidA//PlasmidA:PlasmidA_3 (length 264)
/mnt/data/bioinformatics/Projects/MINion/Aureus_2998-174/PaperDrafts/GigascienceSubmission/Github/MHO_analysis//Annotation/PlasmidA//PlasmidA:PlasmidA_4 (length 121)
/mnt/data/bioinformatics/Projects/MINion/Aureus_2998-174/PaperDrafts/GigascienceSubmission/Github/MHO_analysis//Annotation/PlasmidA//PlasmidA:PlasmidA_5 (length 224)
/mnt/data/bioinformatics/Projects/MINion/Aureus_2998-174/PaperDrafts/GigascienceSubmission/Github/MHO_analysis//Annotation/PlasmidA//PlasmidA:PlasmidA_6 (length 40)
/mnt/data/bioinformatics/Projects/MINion/Aureus_2998-174/PaperDrafts/GigascienceSubmission/Github/MHO_analysis//Annotation/PlasmidA//PlasmidA:PlasmidA_7 (length 61)
/mnt/data/bioinformatics/Projects/MINion/Aureus_2998-174/PaperDrafts/GigascienceSubmission/Github/MHO_analysis//Annotation/PlasmidA//PlasmidA:PlasmidA_8 (length 192)
/mnt/data/bioinformatics/Projects/MINion/Aureus_2998-174/PaperDrafts/GigascienceSubmission/Github/MHO_analysis//Annotation/PlasmidA//PlasmidA:PlasmidA_9 (length 126)
/mnt/data/bioinformatics/Projects/MINion/Aureus_2998-174/PaperDrafts/GigascienceSubmission/Github/MHO_analysis//Annotation/PlasmidA//PlasmidA:PlasmidA_10 (length 599)
/mnt/data/bioinformatics/Projects/MINion/Aureus_2998-174/PaperDrafts/GigascienceSubmission/Github/MHO_analysis//Annotation/PlasmidA//PlasmidA:PlasmidA_11 (length 281)
/mnt/data/bioinformatics/Projects/MINion/Aureus_2998-174/PaperDrafts/GigascienceSubmission/Github/MHO_analysis//Annotation/PlasmidA//PlasmidA:PlasmidA_12 (length 139)
/mnt/data/bioinformatics/Projects/MINion/Aureus_2998-174/PaperDrafts/GigascienceSubmission/Github/MHO_analysis//Annotation/PlasmidA//PlasmidA:PlasmidA_13 (length 323)
/mnt/data/bioinformatics/Projects/MINion/Aureus_2998-174/PaperDrafts/GigascienceSubmission/Github/MHO_analysis//Annotation/PlasmidA//PlasmidA:PlasmidA_14 (length 115)
/mnt/data/bioinformatics/Projects/MINion/Aureus_2998-174/PaperDrafts/GigascienceSubmission/Github/MHO_analysis//Annotation/PlasmidA//PlasmidA:PlasmidA_15 (length 205)
/mnt/data/bioinformatics/Projects/MINion/Aureus_2998-174/PaperDrafts/GigascienceSubmission/Github/MHO_analysis//Annotation/PlasmidA//PlasmidA:PlasmidA_16 (length 64)
/mnt/data/bioinformatics/Projects/MINion/Aureus_2998-174/PaperDrafts/GigascienceSubmission/Github/MHO_analysis//Annotation/PlasmidA//PlasmidA:PlasmidA_17 (length 230)
/mnt/data/bioinformatics/Projects/MINion/Aureus_2998-174/PaperDrafts/GigascienceSubmission/Github/MHO_analysis//Annotation/PlasmidA//PlasmidA:PlasmidA_18 (length 126)
/mnt/data/bioinformatics/Projects/MINion/Aureus_2998-174/PaperDrafts/GigascienceSubmission/Github/MHO_analysis//Annotation/PlasmidA//PlasmidA:PlasmidA_19 (length 56)
/mnt/data/bioinformatics/Projects/MINion/Aureus_2998-174/PaperDrafts/GigascienceSubmission/Github/MHO_analysis//Annotation/PlasmidA//PlasmidA:PlasmidA_20 (length 327)
/mnt/data/bioinformatics/Projects/MINion/Aureus_2998-174/PaperDrafts/GigascienceSubmission/Github/MHO_analysis//Annotation/PlasmidA//PlasmidA:PlasmidA_21 (length 247)
/mnt/data/bioinformatics/Projects/MINion/Aureus_2998-174/PaperDrafts/GigascienceSubmission/Github/MHO_analysis//Annotation/PlasmidA//PlasmidA:PlasmidA_22 (length 61)
/mnt/data/bioinformatics/Projects/MINion/Aureus_2998-174/PaperDrafts/GigascienceSubmission/Github/MHO_analysis//Annotation/PlasmidA//PlasmidA:PlasmidA_23 (length 112)
/mnt/data/bioinformatics/Projects/MINion/Aureus_2998-174/PaperDrafts/GigascienceSubmission/Github/MHO_analysis//Annotation/PlasmidA//PlasmidA:PlasmidA_24 (length 202)
/mnt/data/bioinformatics/Projects/MINion/Aureus_2998-174/PaperDrafts/GigascienceSubmission/Github/MHO_analysis//Annotation/PlasmidA//PlasmidA:PlasmidA_25 (length 299)
/mnt/data/bioinformatics/Projects/MINion/Aureus_2998-174/PaperDrafts/GigascienceSubmission/Github/MHO_analysis//Annotation/PlasmidA//PlasmidA:PlasmidA_26 (length 488)
/mnt/data/bioinformatics/Projects/MINion/Aureus_2998-174/PaperDrafts/GigascienceSubmission/Github/MHO_analysis//Annotation/PlasmidA//PlasmidA:PlasmidA_27 (length 224)
/mnt/data/bioinformatics/Projects/MINion/Aureus_2998-174/PaperDrafts/GigascienceSubmission/Github/MHO_analysis//Annotation/PlasmidA//PlasmidA:PlasmidA_28 (length 121)
/mnt/data/bioinformatics/Projects/MINion/Aureus_2998-174/PaperDrafts/GigascienceSubmission/Github/MHO_analysis//Annotation/PlasmidA//PlasmidA:PlasmidA_29 (length 60)
/mnt/data/bioinformatics/Projects/MINion/Aureus_2998-174/PaperDrafts/GigascienceSubmission/Github/MHO_analysis//Annotation/PlasmidA//PlasmidA:PlasmidA_30 (length 200)
/mnt/data/bioinformatics/Projects/MINion/Aureus_2998-174/PaperDrafts/GigascienceSubmission/Github/MHO_analysis//Annotation/PlasmidA//PlasmidA:PlasmidA_31 (length 309)
/mnt/data/bioinformatics/Projects/MINion/Aureus_2998-174/PaperDrafts/GigascienceSubmission/Github/MHO_analysis//Annotation/PlasmidA//PlasmidA:PlasmidA_32 (length 245)
/mnt/data/bioinformatics/Projects/MINion/Aureus_2998-174/PaperDrafts/GigascienceSubmission/Github/MHO_analysis//Annotation/PlasmidA//PlasmidA:PlasmidA_33 (length 67)

DiscRep_ALL:DISC_SOURCE_QUALS_ASNDISC::strain (all present, all unique)
DiscRep_SUB:DISC_SOURCE_QUALS_ASNDISC::1 sources have unique values for strain
DiscRep_ALL:DISC_SOURCE_QUALS_ASNDISC::taxname (all present, all unique)
DiscRep_SUB:DISC_SOURCE_QUALS_ASNDISC::1 sources have unique values for taxname
DiscRep_ALL:DISC_FEATURE_COUNT::CDS: 33 present
DiscRep_ALL:DISC_COUNT_NUCLEOTIDES::1 nucleotide Bioseqs are present
/mnt/data/bioinformatics/Projects/MINion/Aureus_2998-174/PaperDrafts/GigascienceSubmission/Github/MHO_analysis//Annotation/PlasmidA//PlasmidA:PlasmidA (length 27068)

DiscRep_ALL:FEATURE_LOCATION_CONFLICT::33 features have inconsistent gene locations.
DiscRep_SUB:FEATURE_LOCATION_CONFLICT::Coding region xref gene does not exist
/mnt/data/bioinformatics/Projects/MINion/Aureus_2998-174/PaperDrafts/GigascienceSubmission/Github/MHO_analysis//Annotation/PlasmidA//PlasmidA:CDS	Aminoglycoside 6-adenylyltransferase	lcl|PlasmidA:642-944	PlasmidA_00001

DiscRep_SUB:FEATURE_LOCATION_CONFLICT::Coding region xref gene does not exist
/mnt/data/bioinformatics/Projects/MINion/Aureus_2998-174/PaperDrafts/GigascienceSubmission/Github/MHO_analysis//Annotation/PlasmidA//PlasmidA:CDS	TDP-fucosamine acetyltransferase	lcl|PlasmidA:1250-1768	PlasmidA_00002

DiscRep_SUB:FEATURE_LOCATION_CONFLICT::Coding region xref gene does not exist
/mnt/data/bioinformatics/Projects/MINion/Aureus_2998-174/PaperDrafts/GigascienceSubmission/Github/MHO_analysis//Annotation/PlasmidA//PlasmidA:CDS	Aminoglycoside 3'-phosphotransferase	lcl|PlasmidA:1861-2655	PlasmidA_00003

DiscRep_SUB:FEATURE_LOCATION_CONFLICT::Coding region xref gene does not exist
/mnt/data/bioinformatics/Projects/MINion/Aureus_2998-174/PaperDrafts/GigascienceSubmission/Github/MHO_analysis//Annotation/PlasmidA//PlasmidA:CDS	hypothetical protein	lcl|PlasmidA:3137-3502	PlasmidA_00004

DiscRep_SUB:FEATURE_LOCATION_CONFLICT::Coding region xref gene does not exist
/mnt/data/bioinformatics/Projects/MINion/Aureus_2998-174/PaperDrafts/GigascienceSubmission/Github/MHO_analysis//Annotation/PlasmidA//PlasmidA:CDS	Integrase core domain protein	lcl|PlasmidA:c4345-3671	PlasmidA_00005

DiscRep_SUB:FEATURE_LOCATION_CONFLICT::Coding region xref gene does not exist
/mnt/data/bioinformatics/Projects/MINion/Aureus_2998-174/PaperDrafts/GigascienceSubmission/Github/MHO_analysis//Annotation/PlasmidA//PlasmidA:CDS	hypothetical protein	lcl|PlasmidA:c4505-4383	PlasmidA_00006

DiscRep_SUB:FEATURE_LOCATION_CONFLICT::Coding region xref gene does not exist
/mnt/data/bioinformatics/Projects/MINion/Aureus_2998-174/PaperDrafts/GigascienceSubmission/Github/MHO_analysis//Annotation/PlasmidA//PlasmidA:CDS	hypothetical protein	lcl|PlasmidA:4607-4792	PlasmidA_00007

DiscRep_SUB:FEATURE_LOCATION_CONFLICT::Coding region xref gene does not exist
/mnt/data/bioinformatics/Projects/MINion/Aureus_2998-174/PaperDrafts/GigascienceSubmission/Github/MHO_analysis//Annotation/PlasmidA//PlasmidA:CDS	DNA-invertase hin	lcl|PlasmidA:c5593-5015	PlasmidA_00008

DiscRep_SUB:FEATURE_LOCATION_CONFLICT::Coding region xref gene does not exist
/mnt/data/bioinformatics/Projects/MINion/Aureus_2998-174/PaperDrafts/GigascienceSubmission/Github/MHO_analysis//Annotation/PlasmidA//PlasmidA:CDS	Penicillinase repressor	lcl|PlasmidA:c6237-5857	PlasmidA_00009

DiscRep_SUB:FEATURE_LOCATION_CONFLICT::Coding region xref gene does not exist
/mnt/data/bioinformatics/Projects/MINion/Aureus_2998-174/PaperDrafts/GigascienceSubmission/Github/MHO_analysis//Annotation/PlasmidA//PlasmidA:CDS	Regulatory protein BlaR1	lcl|PlasmidA:c8026-6227	PlasmidA_00010

DiscRep_SUB:FEATURE_LOCATION_CONFLICT::Coding region xref gene does not exist
/mnt/data/bioinformatics/Projects/MINion/Aureus_2998-174/PaperDrafts/GigascienceSubmission/Github/MHO_analysis//Annotation/PlasmidA//PlasmidA:CDS	Beta-lactamase precursor	lcl|PlasmidA:8091-8936	PlasmidA_00011

DiscRep_SUB:FEATURE_LOCATION_CONFLICT::Coding region xref gene does not exist
/mnt/data/bioinformatics/Projects/MINion/Aureus_2998-174/PaperDrafts/GigascienceSubmission/Github/MHO_analysis//Annotation/PlasmidA//PlasmidA:CDS	Organic hydroperoxide resistance transcriptional regulator	lcl|PlasmidA:c9881-9462	PlasmidA_00012

DiscRep_SUB:FEATURE_LOCATION_CONFLICT::Coding region xref gene does not exist
/mnt/data/bioinformatics/Projects/MINion/Aureus_2998-174/PaperDrafts/GigascienceSubmission/Github/MHO_analysis//Annotation/PlasmidA//PlasmidA:CDS	putative acrylyl-CoA reductase AcuI	lcl|PlasmidA:10005-10976	PlasmidA_00013

DiscRep_SUB:FEATURE_LOCATION_CONFLICT::Coding region xref gene does not exist
/mnt/data/bioinformatics/Projects/MINion/Aureus_2998-174/PaperDrafts/GigascienceSubmission/Github/MHO_analysis//Annotation/PlasmidA//PlasmidA:CDS	Cadmium resistance transcriptional regulatory protein CadC	lcl|PlasmidA:c11744-11397	PlasmidA_00014

DiscRep_SUB:FEATURE_LOCATION_CONFLICT::Coding region xref gene does not exist
/mnt/data/bioinformatics/Projects/MINion/Aureus_2998-174/PaperDrafts/GigascienceSubmission/Github/MHO_analysis//Annotation/PlasmidA//PlasmidA:CDS	Cadmium resistance transporter	lcl|PlasmidA:c12380-11763	PlasmidA_00015

DiscRep_SUB:FEATURE_LOCATION_CONFLICT::Coding region xref gene does not exist
/mnt/data/bioinformatics/Projects/MINion/Aureus_2998-174/PaperDrafts/GigascienceSubmission/Github/MHO_analysis//Annotation/PlasmidA//PlasmidA:CDS	hypothetical protein	lcl|PlasmidA:c13690-13496	PlasmidA_00016

DiscRep_SUB:FEATURE_LOCATION_CONFLICT::Coding region xref gene does not exist
/mnt/data/bioinformatics/Projects/MINion/Aureus_2998-174/PaperDrafts/GigascienceSubmission/Github/MHO_analysis//Annotation/PlasmidA//PlasmidA:CDS	hypothetical protein	lcl|PlasmidA:13800-14492	PlasmidA_00017

DiscRep_SUB:FEATURE_LOCATION_CONFLICT::Coding region xref gene does not exist
/mnt/data/bioinformatics/Projects/MINion/Aureus_2998-174/PaperDrafts/GigascienceSubmission/Github/MHO_analysis//Annotation/PlasmidA//PlasmidA:CDS	hypothetical protein	lcl|PlasmidA:14777-15157	PlasmidA_00018

DiscRep_SUB:FEATURE_LOCATION_CONFLICT::Coding region xref gene does not exist
/mnt/data/bioinformatics/Projects/MINion/Aureus_2998-174/PaperDrafts/GigascienceSubmission/Github/MHO_analysis//Annotation/PlasmidA//PlasmidA:CDS	Replication protein	lcl|PlasmidA:c15534-15364	PlasmidA_00019

DiscRep_SUB:FEATURE_LOCATION_CONFLICT::Coding region xref gene does not exist
/mnt/data/bioinformatics/Projects/MINion/Aureus_2998-174/PaperDrafts/GigascienceSubmission/Github/MHO_analysis//Annotation/PlasmidA//PlasmidA:CDS	hypothetical protein	lcl|PlasmidA:c16648-15665	PlasmidA_00020

DiscRep_SUB:FEATURE_LOCATION_CONFLICT::Coding region xref gene does not exist
/mnt/data/bioinformatics/Projects/MINion/Aureus_2998-174/PaperDrafts/GigascienceSubmission/Github/MHO_analysis//Annotation/PlasmidA//PlasmidA:CDS	hypothetical protein	lcl|PlasmidA:17074-17817	PlasmidA_00021

DiscRep_SUB:FEATURE_LOCATION_CONFLICT::Coding region xref gene does not exist
/mnt/data/bioinformatics/Projects/MINion/Aureus_2998-174/PaperDrafts/GigascienceSubmission/Github/MHO_analysis//Annotation/PlasmidA//PlasmidA:CDS	hypothetical protein	lcl|PlasmidA:c18229-18044	PlasmidA_00022

DiscRep_SUB:FEATURE_LOCATION_CONFLICT::Coding region xref gene does not exist
/mnt/data/bioinformatics/Projects/MINion/Aureus_2998-174/PaperDrafts/GigascienceSubmission/Github/MHO_analysis//Annotation/PlasmidA//PlasmidA:CDS	hypothetical protein	lcl|PlasmidA:c18572-18234	PlasmidA_00023

DiscRep_SUB:FEATURE_LOCATION_CONFLICT::Coding region xref gene does not exist
/mnt/data/bioinformatics/Projects/MINion/Aureus_2998-174/PaperDrafts/GigascienceSubmission/Github/MHO_analysis//Annotation/PlasmidA//PlasmidA:CDS	Putative transposon Tn552 DNA-invertase bin3	lcl|PlasmidA:c19426-18818	PlasmidA_00024

DiscRep_SUB:FEATURE_LOCATION_CONFLICT::Coding region xref gene does not exist
/mnt/data/bioinformatics/Projects/MINion/Aureus_2998-174/PaperDrafts/GigascienceSubmission/Github/MHO_analysis//Annotation/PlasmidA//PlasmidA:CDS	Phosphotransferase enzyme family protein	lcl|PlasmidA:c20811-19912	PlasmidA_00025

DiscRep_SUB:FEATURE_LOCATION_CONFLICT::Coding region xref gene does not exist
/mnt/data/bioinformatics/Projects/MINion/Aureus_2998-174/PaperDrafts/GigascienceSubmission/Github/MHO_analysis//Annotation/PlasmidA//PlasmidA:CDS	putative ABC transporter ATP-binding protein YheS	lcl|PlasmidA:c22376-20910	PlasmidA_00026

DiscRep_SUB:FEATURE_LOCATION_CONFLICT::Coding region xref gene does not exist
/mnt/data/bioinformatics/Projects/MINion/Aureus_2998-174/PaperDrafts/GigascienceSubmission/Github/MHO_analysis//Annotation/PlasmidA//PlasmidA:CDS	Integrase core domain protein	lcl|PlasmidA:22850-23524	PlasmidA_00027

DiscRep_SUB:FEATURE_LOCATION_CONFLICT::Coding region xref gene does not exist
/mnt/data/bioinformatics/Projects/MINion/Aureus_2998-174/PaperDrafts/GigascienceSubmission/Github/MHO_analysis//Annotation/PlasmidA//PlasmidA:CDS	Response regulator protein GraR	lcl|PlasmidA:23594-23959	PlasmidA_00028

DiscRep_SUB:FEATURE_LOCATION_CONFLICT::Coding region xref gene does not exist
/mnt/data/bioinformatics/Projects/MINion/Aureus_2998-174/PaperDrafts/GigascienceSubmission/Github/MHO_analysis//Annotation/PlasmidA//PlasmidA:CDS	hypothetical protein	lcl|PlasmidA:23956-24138	PlasmidA_00029

DiscRep_SUB:FEATURE_LOCATION_CONFLICT::Coding region xref gene does not exist
/mnt/data/bioinformatics/Projects/MINion/Aureus_2998-174/PaperDrafts/GigascienceSubmission/Github/MHO_analysis//Annotation/PlasmidA//PlasmidA:CDS	Sensor histidine kinase GraS	lcl|PlasmidA:24235-24837	PlasmidA_00030

DiscRep_SUB:FEATURE_LOCATION_CONFLICT::Coding region xref gene does not exist
/mnt/data/bioinformatics/Projects/MINion/Aureus_2998-174/PaperDrafts/GigascienceSubmission/Github/MHO_analysis//Annotation/PlasmidA//PlasmidA:CDS	putative ABC transporter ATP-binding protein YxlF	lcl|PlasmidA:24953-25882	PlasmidA_00031

DiscRep_SUB:FEATURE_LOCATION_CONFLICT::Coding region xref gene does not exist
/mnt/data/bioinformatics/Projects/MINion/Aureus_2998-174/PaperDrafts/GigascienceSubmission/Github/MHO_analysis//Annotation/PlasmidA//PlasmidA:CDS	ABC-2 family transporter protein	lcl|PlasmidA:25875-26612	PlasmidA_00032

DiscRep_SUB:FEATURE_LOCATION_CONFLICT::Coding region xref gene does not exist
/mnt/data/bioinformatics/Projects/MINion/Aureus_2998-174/PaperDrafts/GigascienceSubmission/Github/MHO_analysis//Annotation/PlasmidA//PlasmidA:CDS	Undecaprenyl-diphosphatase	lcl|PlasmidA:26626-26829	PlasmidA_00033

DiscRep_ALL:SUSPECT_PRODUCT_NAMES::1 product_names contain suspect phrase or characters
DiscRep_SUB:SUSPECT_PRODUCT_NAMES::May contain database identifier more appropriate in note; remove from product name
DiscRep_SUB:SUSPECT_PRODUCT_NAMES::1 features Three or more numbers together but not contains 'methyltransferas'
/mnt/data/bioinformatics/Projects/MINion/Aureus_2998-174/PaperDrafts/GigascienceSubmission/Github/MHO_analysis//Annotation/PlasmidA//PlasmidA:CDS	Putative transposon Tn552 DNA-invertase bin3	lcl|PlasmidA:c19426-18818	PlasmidA_00024

DiscRep_ALL:DISC_QUALITY_SCORES::Quality scores are missing on all sequences.

DiscRep_ALL:ONCALLER_COMMENT_PRESENT::1 comment descriptors were found (all same)
/mnt/data/bioinformatics/Projects/MINion/Aureus_2998-174/PaperDrafts/GigascienceSubmission/Github/MHO_analysis//Annotation/PlasmidA//PlasmidA:PlasmidA:Annotated using prokka 1.11 from http://www.vicbioinformatics.com

DiscRep_ALL:SHORT_PROT_SEQUENCES::1 protein sequences are shorter than 50 aa.
/mnt/data/bioinformatics/Projects/MINion/Aureus_2998-174/PaperDrafts/GigascienceSubmission/Github/MHO_analysis//Annotation/PlasmidA//PlasmidA:PlasmidA_6 (length 40)

DiscRep_ALL:MISSING_GENOMEASSEMBLY_COMMENTS::1 bioseqs are missing GenomeAssembly structured comments
/mnt/data/bioinformatics/Projects/MINion/Aureus_2998-174/PaperDrafts/GigascienceSubmission/Github/MHO_analysis//Annotation/PlasmidA//PlasmidA:PlasmidA (length 27068)

DiscRep_ALL:TEST_DEFLINE_PRESENT::1 Bioseqs have definition line
/mnt/data/bioinformatics/Projects/MINion/Aureus_2998-174/PaperDrafts/GigascienceSubmission/Github/MHO_analysis//Annotation/PlasmidA//PlasmidA:PlasmidA (length 27068)

DiscRep_ALL:MOLTYPE_NOT_MRNA::1 molecule types are not set as mRNA.
/mnt/data/bioinformatics/Projects/MINion/Aureus_2998-174/PaperDrafts/GigascienceSubmission/Github/MHO_analysis//Annotation/PlasmidA//PlasmidA:PlasmidA (length 27068)

DiscRep_ALL:TECHNIQUE_NOT_TSA::1 technique are not set as TSA
/mnt/data/bioinformatics/Projects/MINion/Aureus_2998-174/PaperDrafts/GigascienceSubmission/Github/MHO_analysis//Annotation/PlasmidA//PlasmidA:PlasmidA (length 27068)

DiscRep_ALL:MISSING_STRUCTURED_COMMENT::1 sequences do not include structured comments.
/mnt/data/bioinformatics/Projects/MINion/Aureus_2998-174/PaperDrafts/GigascienceSubmission/Github/MHO_analysis//Annotation/PlasmidA//PlasmidA:PlasmidA (length 27068)

DiscRep_ALL:MISSING_PROJECT::34 sequences do not include project.
/mnt/data/bioinformatics/Projects/MINion/Aureus_2998-174/PaperDrafts/GigascienceSubmission/Github/MHO_analysis//Annotation/PlasmidA//PlasmidA:PlasmidA (length 27068)
/mnt/data/bioinformatics/Projects/MINion/Aureus_2998-174/PaperDrafts/GigascienceSubmission/Github/MHO_analysis//Annotation/PlasmidA//PlasmidA:PlasmidA_1 (length 100)
/mnt/data/bioinformatics/Projects/MINion/Aureus_2998-174/PaperDrafts/GigascienceSubmission/Github/MHO_analysis//Annotation/PlasmidA//PlasmidA:PlasmidA_2 (length 172)
/mnt/data/bioinformatics/Projects/MINion/Aureus_2998-174/PaperDrafts/GigascienceSubmission/Github/MHO_analysis//Annotation/PlasmidA//PlasmidA:PlasmidA_3 (length 264)
/mnt/data/bioinformatics/Projects/MINion/Aureus_2998-174/PaperDrafts/GigascienceSubmission/Github/MHO_analysis//Annotation/PlasmidA//PlasmidA:PlasmidA_4 (length 121)
/mnt/data/bioinformatics/Projects/MINion/Aureus_2998-174/PaperDrafts/GigascienceSubmission/Github/MHO_analysis//Annotation/PlasmidA//PlasmidA:PlasmidA_5 (length 224)
/mnt/data/bioinformatics/Projects/MINion/Aureus_2998-174/PaperDrafts/GigascienceSubmission/Github/MHO_analysis//Annotation/PlasmidA//PlasmidA:PlasmidA_6 (length 40)
/mnt/data/bioinformatics/Projects/MINion/Aureus_2998-174/PaperDrafts/GigascienceSubmission/Github/MHO_analysis//Annotation/PlasmidA//PlasmidA:PlasmidA_7 (length 61)
/mnt/data/bioinformatics/Projects/MINion/Aureus_2998-174/PaperDrafts/GigascienceSubmission/Github/MHO_analysis//Annotation/PlasmidA//PlasmidA:PlasmidA_8 (length 192)
/mnt/data/bioinformatics/Projects/MINion/Aureus_2998-174/PaperDrafts/GigascienceSubmission/Github/MHO_analysis//Annotation/PlasmidA//PlasmidA:PlasmidA_9 (length 126)
/mnt/data/bioinformatics/Projects/MINion/Aureus_2998-174/PaperDrafts/GigascienceSubmission/Github/MHO_analysis//Annotation/PlasmidA//PlasmidA:PlasmidA_10 (length 599)
/mnt/data/bioinformatics/Projects/MINion/Aureus_2998-174/PaperDrafts/GigascienceSubmission/Github/MHO_analysis//Annotation/PlasmidA//PlasmidA:PlasmidA_11 (length 281)
/mnt/data/bioinformatics/Projects/MINion/Aureus_2998-174/PaperDrafts/GigascienceSubmission/Github/MHO_analysis//Annotation/PlasmidA//PlasmidA:PlasmidA_12 (length 139)
/mnt/data/bioinformatics/Projects/MINion/Aureus_2998-174/PaperDrafts/GigascienceSubmission/Github/MHO_analysis//Annotation/PlasmidA//PlasmidA:PlasmidA_13 (length 323)
/mnt/data/bioinformatics/Projects/MINion/Aureus_2998-174/PaperDrafts/GigascienceSubmission/Github/MHO_analysis//Annotation/PlasmidA//PlasmidA:PlasmidA_14 (length 115)
/mnt/data/bioinformatics/Projects/MINion/Aureus_2998-174/PaperDrafts/GigascienceSubmission/Github/MHO_analysis//Annotation/PlasmidA//PlasmidA:PlasmidA_15 (length 205)
/mnt/data/bioinformatics/Projects/MINion/Aureus_2998-174/PaperDrafts/GigascienceSubmission/Github/MHO_analysis//Annotation/PlasmidA//PlasmidA:PlasmidA_16 (length 64)
/mnt/data/bioinformatics/Projects/MINion/Aureus_2998-174/PaperDrafts/GigascienceSubmission/Github/MHO_analysis//Annotation/PlasmidA//PlasmidA:PlasmidA_17 (length 230)
/mnt/data/bioinformatics/Projects/MINion/Aureus_2998-174/PaperDrafts/GigascienceSubmission/Github/MHO_analysis//Annotation/PlasmidA//PlasmidA:PlasmidA_18 (length 126)
/mnt/data/bioinformatics/Projects/MINion/Aureus_2998-174/PaperDrafts/GigascienceSubmission/Github/MHO_analysis//Annotation/PlasmidA//PlasmidA:PlasmidA_19 (length 56)
/mnt/data/bioinformatics/Projects/MINion/Aureus_2998-174/PaperDrafts/GigascienceSubmission/Github/MHO_analysis//Annotation/PlasmidA//PlasmidA:PlasmidA_20 (length 327)
/mnt/data/bioinformatics/Projects/MINion/Aureus_2998-174/PaperDrafts/GigascienceSubmission/Github/MHO_analysis//Annotation/PlasmidA//PlasmidA:PlasmidA_21 (length 247)
/mnt/data/bioinformatics/Projects/MINion/Aureus_2998-174/PaperDrafts/GigascienceSubmission/Github/MHO_analysis//Annotation/PlasmidA//PlasmidA:PlasmidA_22 (length 61)
/mnt/data/bioinformatics/Projects/MINion/Aureus_2998-174/PaperDrafts/GigascienceSubmission/Github/MHO_analysis//Annotation/PlasmidA//PlasmidA:PlasmidA_23 (length 112)
/mnt/data/bioinformatics/Projects/MINion/Aureus_2998-174/PaperDrafts/GigascienceSubmission/Github/MHO_analysis//Annotation/PlasmidA//PlasmidA:PlasmidA_24 (length 202)
/mnt/data/bioinformatics/Projects/MINion/Aureus_2998-174/PaperDrafts/GigascienceSubmission/Github/MHO_analysis//Annotation/PlasmidA//PlasmidA:PlasmidA_25 (length 299)
/mnt/data/bioinformatics/Projects/MINion/Aureus_2998-174/PaperDrafts/GigascienceSubmission/Github/MHO_analysis//Annotation/PlasmidA//PlasmidA:PlasmidA_26 (length 488)
/mnt/data/bioinformatics/Projects/MINion/Aureus_2998-174/PaperDrafts/GigascienceSubmission/Github/MHO_analysis//Annotation/PlasmidA//PlasmidA:PlasmidA_27 (length 224)
/mnt/data/bioinformatics/Projects/MINion/Aureus_2998-174/PaperDrafts/GigascienceSubmission/Github/MHO_analysis//Annotation/PlasmidA//PlasmidA:PlasmidA_28 (length 121)
/mnt/data/bioinformatics/Projects/MINion/Aureus_2998-174/PaperDrafts/GigascienceSubmission/Github/MHO_analysis//Annotation/PlasmidA//PlasmidA:PlasmidA_29 (length 60)
/mnt/data/bioinformatics/Projects/MINion/Aureus_2998-174/PaperDrafts/GigascienceSubmission/Github/MHO_analysis//Annotation/PlasmidA//PlasmidA:PlasmidA_30 (length 200)
/mnt/data/bioinformatics/Projects/MINion/Aureus_2998-174/PaperDrafts/GigascienceSubmission/Github/MHO_analysis//Annotation/PlasmidA//PlasmidA:PlasmidA_31 (length 309)
/mnt/data/bioinformatics/Projects/MINion/Aureus_2998-174/PaperDrafts/GigascienceSubmission/Github/MHO_analysis//Annotation/PlasmidA//PlasmidA:PlasmidA_32 (length 245)
/mnt/data/bioinformatics/Projects/MINion/Aureus_2998-174/PaperDrafts/GigascienceSubmission/Github/MHO_analysis//Annotation/PlasmidA//PlasmidA:PlasmidA_33 (length 67)

DiscRep_ALL:DISC_INCONSISTENT_MOLINFO_TECH::Molinfo Technique Report (some missing, all same)
DiscRep_SUB:DISC_INCONSISTENT_MOLINFO_TECH::technique (all missing)
DiscRep_SUB:DISC_INCONSISTENT_MOLINFO_TECH::1 Molinfos are missing field technique
/mnt/data/bioinformatics/Projects/MINion/Aureus_2998-174/PaperDrafts/GigascienceSubmission/Github/MHO_analysis//Annotation/PlasmidA//PlasmidA:PlasmidA (length 27068)

